<?xml version="1.0" encoding="UTF-8"?>
<testsuite xmlns:xsi="http://www.w3.org/2001/XMLSchema-instance" xsi:noNamespaceSchemaLocation="https://maven.apache.org/surefire/maven-surefire-plugin/xsd/surefire-test-report-3.0.xsd" version="3.0" name="br.com.fiap.hydriomind.HydriomindApplicationTests" time="6.533" tests="1" errors="0" skipped="0" failures="0">
  <properties>
[...]
</properties>
  <testcase name="contextLoads" classname="br.com.fiap.hydriomind.HydriomindApplicationTests" time="1.009">
    <system-out><![CDATA[02:27:42.691 [main] INFO org.springframework.test.context.support.AnnotationConfigContextLoaderUtils -- Could not detect default configuration classes for test class [br.com.fiap.hydriomind.HydriomindApplicationTests]: HydriomindApplicationTests does not declare any static, non-private, non-final, nested classes annotated with @Configuration.
02:27:42.771 [main] INFO org.springframework.boot.test.context.SpringBootTestContextBootstrapper -- Found @SpringBootConfiguration br.com.fiap.hydriomind.HydriomindApplication for test class br.com.fiap.hydriomind.HydriomindApplicationTests
02:27:42.914 [main] INFO org.springframework.boot.devtools.restart.RestartApplicationListener -- Restart disabled due to context in which it is running

  .   ____          _            __ _ _
 /\\ / ___'_ __ _ _(_)_ __  __ _ \ \ \ \
( ( )\___ | '_ | '_| | '_ \/ _` | \ \ \ \
 \\/  ___)| |_)| | | | | || (_| |  ) ) ) )
  '  |____| .__|_| |_|_| |_\__, | / / / /
 =========|_|==============|___/=/_/_/_/
 :: Spring Boot ::                (v3.2.5)

2024-11-20T02:27:43.171-03:00  INFO 819038 --- [hydriomind] [           main] b.c.f.h.HydriomindApplicationTests       : Starting HydriomindApplicationTests using Java 17.0.12 with PID 819038 (started by calinathalya in /home/calinathalya/HydrioMind)
2024-11-20T02:27:43.173-03:00  INFO 819038 --- [hydriomind] [           main] b.c.f.h.HydriomindApplicationTests       : No active profile set, falling back to 1 default profile: "default"
2024-11-20T02:27:43.173-03:00 DEBUG 819038 --- [hydriomind] [           main] o.s.boot.SpringApplication               : Loading source class br.com.fiap.hydriomind.HydriomindApplication
2024-11-20T02:27:43.211-03:00 DEBUG 819038 --- [hydriomind] [           main] o.s.w.c.s.GenericWebApplicationContext   : Refreshing org.springframework.web.context.support.GenericWebApplicationContext@672f11c2
2024-11-20T02:27:43.231-03:00 DEBUG 819038 --- [hydriomind] [           main] o.s.b.f.s.DefaultListableBeanFactory     : Creating shared instance of singleton bean 'org.springframework.context.annotation.internalConfigurationAnnotationProcessor'
2024-11-20T02:27:43.244-03:00 DEBUG 819038 --- [hydriomind] [           main] o.s.b.f.s.DefaultListableBeanFactory     : Creating shared instance of singleton bean 'org.springframework.boot.autoconfigure.internalCachingMetadataReaderFactory'
2024-11-20T02:27:43.282-03:00 DEBUG 819038 --- [hydriomind] [           main] o.s.c.a.ClassPathBeanDefinitionScanner   : Identified candidate component class: file [/home/calinathalya/HydrioMind/target/classes/br/com/fiap/hydriomind/config/ModelMapperConfig.class]
2024-11-20T02:27:43.289-03:00 DEBUG 819038 --- [hydriomind] [           main] o.s.c.a.ClassPathBeanDefinitionScanner   : Identified candidate component class: file [/home/calinathalya/HydrioMind/target/classes/br/com/fiap/hydriomind/config/SecurityConfig.class]
2024-11-20T02:27:43.305-03:00 DEBUG 819038 --- [hydriomind] [           main] o.s.c.a.ClassPathBeanDefinitionScanner   : Identified candidate component class: file [/home/calinathalya/HydrioMind/target/classes/br/com/fiap/hydriomind/controller/AnaliseDesperdicioController.class]
2024-11-20T02:27:43.306-03:00 DEBUG 819038 --- [hydriomind] [           main] o.s.c.a.ClassPathBeanDefinitionScanner   : Identified candidate component class: file [/home/calinathalya/HydrioMind/target/classes/br/com/fiap/hydriomind/controller/HomeController.class]
2024-11-20T02:27:43.308-03:00 DEBUG 819038 --- [hydriomind] [           main] o.s.c.a.ClassPathBeanDefinitionScanner   : Identified candidate component class: file [/home/calinathalya/HydrioMind/target/classes/br/com/fiap/hydriomind/controller/RecomendacaoController.class]
2024-11-20T02:27:43.309-03:00 DEBUG 819038 --- [hydriomind] [           main] o.s.c.a.ClassPathBeanDefinitionScanner   : Identified candidate component class: file [/home/calinathalya/HydrioMind/target/classes/br/com/fiap/hydriomind/controller/UsuarioController.class]
2024-11-20T02:27:43.323-03:00 DEBUG 819038 --- [hydriomind] [           main] o.s.c.a.ClassPathBeanDefinitionScanner   : Ignored because not a concrete top-level class: file [/home/calinathalya/HydrioMind/target/classes/br/com/fiap/hydriomind/repository/UsuarioRepository.class]
2024-11-20T02:27:43.325-03:00 DEBUG 819038 --- [hydriomind] [           main] o.s.c.a.ClassPathBeanDefinitionScanner   : Identified candidate component class: file [/home/calinathalya/HydrioMind/target/classes/br/com/fiap/hydriomind/service/AnaliseDesperdicioService.class]
2024-11-20T02:27:43.325-03:00 DEBUG 819038 --- [hydriomind] [           main] o.s.c.a.ClassPathBeanDefinitionScanner   : Identified candidate component class: file [/home/calinathalya/HydrioMind/target/classes/br/com/fiap/hydriomind/service/RecomendacaoService.class]
2024-11-20T02:27:43.326-03:00 DEBUG 819038 --- [hydriomind] [           main] o.s.c.a.ClassPathBeanDefinitionScanner   : Identified candidate component class: file [/home/calinathalya/HydrioMind/target/classes/br/com/fiap/hydriomind/service/UsuarioService.class]
2024-11-20T02:27:44.073-03:00  INFO 819038 --- [hydriomind] [           main] .s.d.r.c.RepositoryConfigurationDelegate : Bootstrapping Spring Data MongoDB repositories in DEFAULT mode.
2024-11-20T02:27:44.077-03:00 DEBUG 819038 --- [hydriomind] [           main] o.s.b.f.s.DefaultListableBeanFactory     : Creating shared instance of singleton bean 'org.springframework.boot.autoconfigure.AutoConfigurationPackages'
2024-11-20T02:27:44.085-03:00 DEBUG 819038 --- [hydriomind] [           main] o.s.b.a.AutoConfigurationPackages        : @EnableAutoConfiguration was declared on a class in the package 'br.com.fiap.hydriomind'. Automatic @Repository and @Entity scanning is enabled.
2024-11-20T02:27:44.086-03:00 DEBUG 819038 --- [hydriomind] [           main] .s.d.r.c.RepositoryConfigurationDelegate : Scanning for MongoDB repositories in packages br.com.fiap.hydriomind.
2024-11-20T02:27:44.096-03:00 DEBUG 819038 --- [hydriomind] [           main] o.s.d.r.c.RepositoryComponentProvider    : Identified candidate component class: file [/home/calinathalya/HydrioMind/target/classes/br/com/fiap/hydriomind/repository/AnaliseDesperdicioRepository.class]
2024-11-20T02:27:44.096-03:00 DEBUG 819038 --- [hydriomind] [           main] o.s.d.r.c.RepositoryComponentProvider    : Identified candidate component class: file [/home/calinathalya/HydrioMind/target/classes/br/com/fiap/hydriomind/repository/RecomendacaoRepository.class]
2024-11-20T02:27:44.096-03:00 DEBUG 819038 --- [hydriomind] [           main] o.s.d.r.c.RepositoryComponentProvider    : Identified candidate component class: file [/home/calinathalya/HydrioMind/target/classes/br/com/fiap/hydriomind/repository/UsuarioRepository.class]
2024-11-20T02:27:44.177-03:00  INFO 819038 --- [hydriomind] [           main] .s.d.r.c.RepositoryConfigurationDelegate : Finished Spring Data repository scanning in 89 ms. Found 3 MongoDB repository interfaces.
2024-11-20T02:27:44.304-03:00 DEBUG 819038 --- [hydriomind] [           main] o.s.b.f.s.DefaultListableBeanFactory     : Creating shared instance of singleton bean 'springSecurityHandlerMappingIntrospectorBeanDefinitionRegistryPostProcessor'
2024-11-20T02:27:44.386-03:00 DEBUG 819038 --- [hydriomind] [           main] o.s.b.f.s.DefaultListableBeanFactory     : Creating shared instance of singleton bean 'propertySourcesPlaceholderConfigurer'
2024-11-20T02:27:44.389-03:00 DEBUG 819038 --- [hydriomind] [           main] o.s.b.f.s.DefaultListableBeanFactory     : Creating shared instance of singleton bean 'org.springframework.boot.test.mock.mockito.MockitoPostProcessor'
2024-11-20T02:27:44.390-03:00 DEBUG 819038 --- [hydriomind] [           main] o.s.b.f.s.DefaultListableBeanFactory     : Creating shared instance of singleton bean 'org.springframework.boot.sql.init.dependency.DatabaseInitializationDependencyConfigurer$DependsOnDatabaseInitializationPostProcessor'
2024-11-20T02:27:44.412-03:00 DEBUG 819038 --- [hydriomind] [           main] o.s.b.f.s.DefaultListableBeanFactory     : Creating shared instance of singleton bean 'org.springframework.context.event.internalEventListenerProcessor'
2024-11-20T02:27:44.414-03:00 DEBUG 819038 --- [hydriomind] [           main] o.s.b.f.s.DefaultListableBeanFactory     : Creating shared instance of singleton bean 'conversionServicePostProcessor'
2024-11-20T02:27:44.420-03:00 DEBUG 819038 --- [hydriomind] [           main] o.s.b.f.s.DefaultListableBeanFactory     : Creating shared instance of singleton bean 'preserveErrorControllerTargetClassPostProcessor'
2024-11-20T02:27:44.421-03:00 DEBUG 819038 --- [hydriomind] [           main] o.s.b.f.s.DefaultListableBeanFactory     : Creating shared instance of singleton bean 'forceAutoProxyCreatorToUseClassProxying'
2024-11-20T02:27:44.422-03:00 DEBUG 819038 --- [hydriomind] [           main] o.s.b.f.s.DefaultListableBeanFactory     : Creating shared instance of singleton bean 'org.springframework.context.event.internalEventListenerFactory'
2024-11-20T02:27:44.427-03:00 DEBUG 819038 --- [hydriomind] [           main] o.s.b.f.s.DefaultListableBeanFactory     : Creating shared instance of singleton bean 'org.springframework.boot.test.mock.mockito.MockitoPostProcessor$SpyPostProcessor'
2024-11-20T02:27:44.428-03:00 DEBUG 819038 --- [hydriomind] [           main] o.s.b.f.s.DefaultListableBeanFactory     : Creating shared instance of singleton bean 'org.springframework.context.annotation.internalAutowiredAnnotationProcessor'
2024-11-20T02:27:44.429-03:00 DEBUG 819038 --- [hydriomind] [           main] o.s.b.f.s.DefaultListableBeanFactory     : Creating shared instance of singleton bean 'org.springframework.context.annotation.internalCommonAnnotationProcessor'
2024-11-20T02:27:44.431-03:00 DEBUG 819038 --- [hydriomind] [           main] o.s.b.f.s.DefaultListableBeanFactory     : Creating shared instance of singleton bean 'org.springframework.boot.context.properties.ConfigurationPropertiesBindingPostProcessor'
2024-11-20T02:27:44.432-03:00 DEBUG 819038 --- [hydriomind] [           main] o.s.b.f.s.DefaultListableBeanFactory     : Creating shared instance of singleton bean 'org.springframework.boot.context.internalConfigurationPropertiesBinder'
2024-11-20T02:27:44.435-03:00 DEBUG 819038 --- [hydriomind] [           main] o.s.b.f.s.DefaultListableBeanFactory     : Creating shared instance of singleton bean 'org.springframework.amqp.rabbit.config.internalRabbitListenerAnnotationProcessor'
2024-11-20T02:27:44.443-03:00 DEBUG 819038 --- [hydriomind] [           main] o.s.b.f.s.DefaultListableBeanFactory     : Creating shared instance of singleton bean 'persistenceExceptionTranslationPostProcessor'
2024-11-20T02:27:44.459-03:00 DEBUG 819038 --- [hydriomind] [           main] o.s.b.f.s.DefaultListableBeanFactory     : Autowiring by type from bean name 'persistenceExceptionTranslationPostProcessor' via factory method to bean named 'environment'
2024-11-20T02:27:44.471-03:00 DEBUG 819038 --- [hydriomind] [           main] o.s.b.f.s.DefaultListableBeanFactory     : Creating shared instance of singleton bean 'annotationActionEndpointMapping'
2024-11-20T02:27:44.473-03:00 DEBUG 819038 --- [hydriomind] [           main] o.s.b.f.s.DefaultListableBeanFactory     : Creating shared instance of singleton bean 'org.springframework.ws.config.annotation.DelegatingWsConfiguration'
2024-11-20T02:27:44.482-03:00  WARN 819038 --- [hydriomind] [           main] trationDelegate$BeanPostProcessorChecker : Bean 'org.springframework.ws.config.annotation.DelegatingWsConfiguration' of type [org.springframework.ws.config.annotation.DelegatingWsConfiguration$$SpringCGLIB$$0] is not eligible for getting processed by all BeanPostProcessors (for example: not eligible for auto-proxying). The currently created BeanPostProcessor [annotationActionEndpointMapping] is declared through a non-static factory method on that class; consider declaring it as static instead.
2024-11-20T02:27:44.529-03:00  INFO 819038 --- [hydriomind] [           main] .w.s.a.s.AnnotationActionEndpointMapping : Supporting [WS-Addressing August 2004, WS-Addressing 1.0]
2024-11-20T02:27:44.531-03:00 DEBUG 819038 --- [hydriomind] [           main] o.s.b.f.s.DefaultListableBeanFactory     : Creating shared instance of singleton bean 'org.springframework.aop.config.internalAutoProxyCreator'
2024-11-20T02:27:44.535-03:00 DEBUG 819038 --- [hydriomind] [           main] o.s.b.f.s.DefaultListableBeanFactory     : Creating shared instance of singleton bean 'webServerFactoryCustomizerBeanPostProcessor'
2024-11-20T02:27:44.536-03:00 DEBUG 819038 --- [hydriomind] [           main] o.s.b.f.s.DefaultListableBeanFactory     : Creating shared instance of singleton bean 'errorPageRegistrarBeanPostProcessor'
2024-11-20T02:27:44.537-03:00 DEBUG 819038 --- [hydriomind] [           main] o.s.b.f.s.DefaultListableBeanFactory     : Creating shared instance of singleton bean 'hypermediaRepresentionModelProcessorConfigurator'
2024-11-20T02:27:44.541-03:00 DEBUG 819038 --- [hydriomind] [           main] o.s.b.f.s.DefaultListableBeanFactory     : Creating shared instance of singleton bean 'hypermediaRestTemplateBeanPostProcessor'
2024-11-20T02:27:44.543-03:00 DEBUG 819038 --- [hydriomind] [           main] o.s.b.f.s.DefaultListableBeanFactory     : Creating shared instance of singleton bean 'webClientBeanPostProcessor'
2024-11-20T02:27:44.544-03:00 DEBUG 819038 --- [hydriomind] [           main] o.s.b.f.s.DefaultListableBeanFactory     : Creating shared instance of singleton bean 'projectionDefinitionRegistrar'
2024-11-20T02:27:44.545-03:00 DEBUG 819038 --- [hydriomind] [           main] o.s.b.f.s.DefaultListableBeanFactory     : Creating shared instance of singleton bean 'annotatedEventHandlerInvoker'
2024-11-20T02:27:44.549-03:00 DEBUG 819038 --- [hydriomind] [           main] o.s.u.c.s.UiApplicationContextUtils      : Unable to locate ThemeSource with name 'themeSource': using default [org.springframework.ui.context.support.ResourceBundleThemeSource@72443081]
2024-11-20T02:27:44.552-03:00 DEBUG 819038 --- [hydriomind] [           main] o.s.b.f.s.DefaultListableBeanFactory     : Creating shared instance of singleton bean 'hydriomindApplication'
2024-11-20T02:27:44.555-03:00 DEBUG 819038 --- [hydriomind] [           main] o.s.b.f.s.DefaultListableBeanFactory     : Creating shared instance of singleton bean 'modelMapperConfig'
2024-11-20T02:27:44.556-03:00 DEBUG 819038 --- [hydriomind] [           main] o.s.b.f.s.DefaultListableBeanFactory     : Creating shared instance of singleton bean 'securityConfig'
2024-11-20T02:27:44.558-03:00 DEBUG 819038 --- [hydriomind] [           main] o.s.b.f.s.DefaultListableBeanFactory     : Creating shared instance of singleton bean 'usuarioService'
2024-11-20T02:27:44.566-03:00 DEBUG 819038 --- [hydriomind] [           main] o.s.b.f.s.DefaultListableBeanFactory     : Creating shared instance of singleton bean 'usuarioRepository'
2024-11-20T02:27:44.574-03:00 DEBUG 819038 --- [hydriomind] [           main] o.s.b.f.s.DefaultListableBeanFactory     : Creating shared instance of singleton bean 'mongo.named-queries#2'
2024-11-20T02:27:44.577-03:00 DEBUG 819038 --- [hydriomind] [           main] o.s.b.f.s.DefaultListableBeanFactory     : Creating shared instance of singleton bean 'mongodb.UsuarioRepository.fragments#0'
2024-11-20T02:27:44.580-03:00 DEBUG 819038 --- [hydriomind] [           main] o.s.b.f.s.DefaultListableBeanFactory     : Creating shared instance of singleton bean 'mongoTemplate'
2024-11-20T02:27:44.581-03:00 DEBUG 819038 --- [hydriomind] [           main] o.s.b.f.s.DefaultListableBeanFactory     : Creating shared instance of singleton bean 'org.springframework.boot.autoconfigure.data.mongo.MongoDatabaseFactoryDependentConfiguration'
2024-11-20T02:27:44.582-03:00 DEBUG 819038 --- [hydriomind] [           main] o.s.b.f.s.DefaultListableBeanFactory     : Creating shared instance of singleton bean 'mongoDatabaseFactory'
2024-11-20T02:27:44.582-03:00 DEBUG 819038 --- [hydriomind] [           main] o.s.b.f.s.DefaultListableBeanFactory     : Creating shared instance of singleton bean 'org.springframework.boot.autoconfigure.data.mongo.MongoDatabaseFactoryConfiguration'
2024-11-20T02:27:44.583-03:00 DEBUG 819038 --- [hydriomind] [           main] o.s.b.f.s.DefaultListableBeanFactory     : Creating shared instance of singleton bean 'mongo'
2024-11-20T02:27:44.583-03:00 DEBUG 819038 --- [hydriomind] [           main] o.s.b.f.s.DefaultListableBeanFactory     : Creating shared instance of singleton bean 'org.springframework.boot.autoconfigure.mongo.MongoAutoConfiguration'
2024-11-20T02:27:44.585-03:00 DEBUG 819038 --- [hydriomind] [           main] o.s.b.f.s.DefaultListableBeanFactory     : Creating shared instance of singleton bean 'mongoClientSettings'
2024-11-20T02:27:44.585-03:00 DEBUG 819038 --- [hydriomind] [           main] o.s.b.f.s.DefaultListableBeanFactory     : Creating shared instance of singleton bean 'org.springframework.boot.autoconfigure.mongo.MongoAutoConfiguration$MongoClientSettingsConfiguration'
2024-11-20T02:27:44.614-03:00 DEBUG 819038 --- [hydriomind] [           main] o.s.b.f.s.DefaultListableBeanFactory     : Autowiring by type from bean name 'mongo' via factory method to bean named 'mongoClientSettings'
2024-11-20T02:27:44.615-03:00 DEBUG 819038 --- [hydriomind] [           main] o.s.b.f.s.DefaultListableBeanFactory     : Creating shared instance of singleton bean 'standardMongoSettingsCustomizer'
2024-11-20T02:27:44.616-03:00 DEBUG 819038 --- [hydriomind] [           main] o.s.b.f.s.DefaultListableBeanFactory     : Creating shared instance of singleton bean 'spring.data.mongodb-org.springframework.boot.autoconfigure.mongo.MongoProperties'
2024-11-20T02:27:44.617-03:00 DEBUG 819038 --- [hydriomind] [           main] o.s.b.f.s.DefaultListableBeanFactory     : Creating shared instance of singleton bean 'org.springframework.boot.context.properties.BoundConfigurationProperties'
2024-11-20T02:27:44.631-03:00 DEBUG 819038 --- [hydriomind] [           main] o.s.b.f.s.DefaultListableBeanFactory     : Creating shared instance of singleton bean 'mongoConnectionDetails'
2024-11-20T02:27:44.632-03:00 DEBUG 819038 --- [hydriomind] [           main] o.s.b.f.s.DefaultListableBeanFactory     : Autowiring by type from bean name 'mongoConnectionDetails' via factory method to bean named 'spring.data.mongodb-org.springframework.boot.autoconfigure.mongo.MongoProperties'
2024-11-20T02:27:44.634-03:00 DEBUG 819038 --- [hydriomind] [           main] o.s.b.f.s.DefaultListableBeanFactory     : Autowiring by type from bean name 'standardMongoSettingsCustomizer' via factory method to bean named 'spring.data.mongodb-org.springframework.boot.autoconfigure.mongo.MongoProperties'
2024-11-20T02:27:44.634-03:00 DEBUG 819038 --- [hydriomind] [           main] o.s.b.f.s.DefaultListableBeanFactory     : Autowiring by type from bean name 'standardMongoSettingsCustomizer' via factory method to bean named 'mongoConnectionDetails'
2024-11-20T02:27:44.637-03:00 DEBUG 819038 --- [hydriomind] [           main] o.s.b.f.s.DefaultListableBeanFactory     : Creating shared instance of singleton bean 'sslBundleRegistry'
2024-11-20T02:27:44.637-03:00 DEBUG 819038 --- [hydriomind] [           main] o.s.b.f.s.DefaultListableBeanFactory     : Creating shared instance of singleton bean 'org.springframework.boot.autoconfigure.ssl.SslAutoConfiguration'
2024-11-20T02:27:44.639-03:00 DEBUG 819038 --- [hydriomind] [           main] o.s.b.f.s.DefaultListableBeanFactory     : Creating shared instance of singleton bean 'spring.ssl-org.springframework.boot.autoconfigure.ssl.SslProperties'
2024-11-20T02:27:44.641-03:00 DEBUG 819038 --- [hydriomind] [           main] o.s.b.f.s.DefaultListableBeanFactory     : Autowiring by type from bean name 'org.springframework.boot.autoconfigure.ssl.SslAutoConfiguration' via constructor to bean named 'spring.ssl-org.springframework.boot.autoconfigure.ssl.SslProperties'
2024-11-20T02:27:44.644-03:00 DEBUG 819038 --- [hydriomind] [           main] o.s.b.f.s.DefaultListableBeanFactory     : Creating shared instance of singleton bean 'sslPropertiesSslBundleRegistrar'
2024-11-20T02:27:44.645-03:00 DEBUG 819038 --- [hydriomind] [           main] o.s.b.f.s.DefaultListableBeanFactory     : Creating shared instance of singleton bean 'fileWatcher'
2024-11-20T02:27:44.647-03:00 DEBUG 819038 --- [hydriomind] [           main] o.s.b.f.s.DefaultListableBeanFactory     : Autowiring by type from bean name 'sslPropertiesSslBundleRegistrar' via factory method to bean named 'fileWatcher'
2024-11-20T02:27:44.740-03:00  INFO 819038 --- [hydriomind] [           main] org.mongodb.driver.client                : MongoClient with metadata {"driver": {"name": "mongo-java-driver|sync|spring-boot", "version": "4.11.2"}, "os": {"type": "Linux", "name": "Linux", "architecture": "amd64", "version": "5.10.0-32-amd64"}, "platform": "Java/Debian/17.0.12+7-Debian-2deb11u1"} created with settings MongoClientSettings{readPreference=primary, writeConcern=WriteConcern{w=null, wTimeout=null ms, journal=null}, retryWrites=true, retryReads=true, readConcern=ReadConcern{level=null}, credential=MongoCredential{mechanism=null, userName='rm552523', source='admin', password=<hidden>, mechanismProperties=<hidden>}, transportSettings=null, streamFactoryFactory=null, commandListeners=[], codecRegistry=ProvidersCodecRegistry{codecProviders=[ValueCodecProvider{}, BsonValueCodecProvider{}, DBRefCodecProvider{}, DBObjectCodecProvider{}, DocumentCodecProvider{}, CollectionCodecProvider{}, IterableCodecProvider{}, MapCodecProvider{}, GeoJsonCodecProvider{}, GridFSFileCodecProvider{}, Jsr310CodecProvider{}, JsonObjectCodecProvider{}, BsonCodecProvider{}, EnumCodecProvider{}, com.mongodb.client.model.mql.ExpressionCodecProvider@6b27b2d0, com.mongodb.Jep395RecordCodecProvider@4fb64e14, com.mongodb.KotlinCodecProvider@118041c7]}, loggerSettings=LoggerSettings{maxDocumentLength=1000}, clusterSettings={hosts=[localhost:27017], srvServiceName=mongodb, mode=SINGLE, requiredClusterType=UNKNOWN, requiredReplicaSetName='null', serverSelector='null', clusterListeners='[]', serverSelectionTimeout='30000 ms', localThreshold='15 ms'}, socketSettings=SocketSettings{connectTimeoutMS=10000, readTimeoutMS=0, receiveBufferSize=0, proxySettings=ProxySettings{host=null, port=null, username=null, password=null}}, heartbeatSocketSettings=SocketSettings{connectTimeoutMS=10000, readTimeoutMS=10000, receiveBufferSize=0, proxySettings=ProxySettings{host=null, port=null, username=null, password=null}}, connectionPoolSettings=ConnectionPoolSettings{maxSize=100, minSize=0, maxWaitTimeMS=120000, maxConnectionLifeTimeMS=0, maxConnectionIdleTimeMS=0, maintenanceInitialDelayMS=0, maintenanceFrequencyMS=60000, connectionPoolListeners=[], maxConnecting=2}, serverSettings=ServerSettings{heartbeatFrequencyMS=10000, minHeartbeatFrequencyMS=500, serverListeners='[]', serverMonitorListeners='[]'}, sslSettings=SslSettings{enabled=false, invalidHostNameAllowed=false, context=null}, applicationName='null', compressorList=[], uuidRepresentation=JAVA_LEGACY, serverApi=null, autoEncryptionSettings=null, dnsClient=null, inetAddressResolver=null, contextProvider=null}
2024-11-20T02:27:44.743-03:00 DEBUG 819038 --- [hydriomind] [           main] o.s.b.f.s.DefaultListableBeanFactory     : Autowiring by type from bean name 'mongoDatabaseFactory' via factory method to bean named 'mongo'
2024-11-20T02:27:44.744-03:00 DEBUG 819038 --- [hydriomind] [           main] o.s.b.f.s.DefaultListableBeanFactory     : Autowiring by type from bean name 'mongoDatabaseFactory' via factory method to bean named 'spring.data.mongodb-org.springframework.boot.autoconfigure.mongo.MongoProperties'
2024-11-20T02:27:44.744-03:00 DEBUG 819038 --- [hydriomind] [           main] o.s.b.f.s.DefaultListableBeanFactory     : Autowiring by type from bean name 'mongoDatabaseFactory' via factory method to bean named 'mongoConnectionDetails'
2024-11-20T02:27:44.749-03:00 DEBUG 819038 --- [hydriomind] [           main] o.s.b.f.s.DefaultListableBeanFactory     : Creating shared instance of singleton bean 'mappingMongoConverter'
2024-11-20T02:27:44.751-03:00 DEBUG 819038 --- [hydriomind] [           main] o.s.b.f.s.DefaultListableBeanFactory     : Creating shared instance of singleton bean 'mongoMappingContext'
2024-11-20T02:27:44.752-03:00 DEBUG 819038 --- [hydriomind] [           main] o.s.b.f.s.DefaultListableBeanFactory     : Creating shared instance of singleton bean 'org.springframework.boot.autoconfigure.data.mongo.MongoDataConfiguration'
2024-11-20T02:27:44.754-03:00 DEBUG 819038 --- [hydriomind] [           main] o.s.b.f.s.DefaultListableBeanFactory     : Creating shared instance of singleton bean 'mongoCustomConversions'
2024-11-20T02:27:44.814-03:00  INFO 819038 --- [hydriomind] [localhost:27017] org.mongodb.driver.cluster               : Monitor thread successfully connected to server with description ServerDescription{address=localhost:27017, type=STANDALONE, state=CONNECTED, ok=true, minWireVersion=0, maxWireVersion=17, maxDocumentSize=16777216, logicalSessionTimeoutMinutes=30, roundTripTimeNanos=53140337}
2024-11-20T02:27:44.867-03:00 DEBUG 819038 --- [hydriomind] [           main] o.s.data.convert.CustomConversions       : Adding converter from class java.lang.Character to class java.lang.String as writing converter
2024-11-20T02:27:44.869-03:00 DEBUG 819038 --- [hydriomind] [           main] o.s.data.convert.CustomConversions       : Adding converter from class java.util.Locale to class java.lang.String as writing converter
2024-11-20T02:27:44.870-03:00 DEBUG 819038 --- [hydriomind] [           main] o.s.data.convert.CustomConversions       : Adding converter from class java.math.BigDecimal to class java.lang.String as writing converter
2024-11-20T02:27:44.870-03:00 DEBUG 819038 --- [hydriomind] [           main] o.s.data.convert.CustomConversions       : Adding converter from class java.math.BigDecimal to class org.bson.types.Decimal128 as writing converter
2024-11-20T02:27:44.871-03:00 DEBUG 819038 --- [hydriomind] [           main] o.s.data.convert.CustomConversions       : Adding converter from class java.lang.String to class java.math.BigDecimal as reading converter
2024-11-20T02:27:44.871-03:00 DEBUG 819038 --- [hydriomind] [           main] o.s.data.convert.CustomConversions       : Adding converter from class org.bson.types.Decimal128 to class java.math.BigDecimal as reading converter
2024-11-20T02:27:44.871-03:00 DEBUG 819038 --- [hydriomind] [           main] o.s.data.convert.CustomConversions       : Adding converter from class java.math.BigInteger to class java.lang.String as writing converter
2024-11-20T02:27:44.871-03:00 DEBUG 819038 --- [hydriomind] [           main] o.s.data.convert.CustomConversions       : Adding converter from class java.lang.String to class java.math.BigInteger as reading converter
2024-11-20T02:27:44.871-03:00 DEBUG 819038 --- [hydriomind] [           main] o.s.data.convert.CustomConversions       : Adding converter from class java.net.URL to class java.lang.String as writing converter
2024-11-20T02:27:44.871-03:00 DEBUG 819038 --- [hydriomind] [           main] o.s.data.convert.CustomConversions       : Adding converter from class java.lang.String to class java.net.URL as reading converter
2024-11-20T02:27:44.871-03:00 DEBUG 819038 --- [hydriomind] [           main] o.s.data.convert.CustomConversions       : Adding converter from class org.bson.Document to class java.lang.String as reading converter
2024-11-20T02:27:44.871-03:00 DEBUG 819038 --- [hydriomind] [           main] o.s.data.convert.CustomConversions       : Adding converter from class org.springframework.data.mongodb.core.query.Term to class java.lang.String as writing converter
2024-11-20T02:27:44.872-03:00 DEBUG 819038 --- [hydriomind] [           main] o.s.data.convert.CustomConversions       : Adding converter from class org.springframework.data.mongodb.core.script.NamedMongoScript to class org.bson.Document as writing converter
2024-11-20T02:27:44.872-03:00 DEBUG 819038 --- [hydriomind] [           main] o.s.data.convert.CustomConversions       : Adding converter from class org.bson.Document to class org.springframework.data.mongodb.core.script.NamedMongoScript as reading converter
2024-11-20T02:27:44.872-03:00 DEBUG 819038 --- [hydriomind] [           main] o.s.data.convert.CustomConversions       : Adding converter from class java.util.Currency to class java.lang.String as writing converter
2024-11-20T02:27:44.872-03:00 DEBUG 819038 --- [hydriomind] [           main] o.s.data.convert.CustomConversions       : Adding converter from class java.lang.String to class java.util.Currency as reading converter
2024-11-20T02:27:44.872-03:00 DEBUG 819038 --- [hydriomind] [           main] o.s.data.convert.CustomConversions       : Adding converter from class java.util.concurrent.atomic.AtomicInteger to class java.lang.Integer as writing converter
2024-11-20T02:27:44.872-03:00 DEBUG 819038 --- [hydriomind] [           main] o.s.data.convert.CustomConversions       : Adding converter from class java.util.concurrent.atomic.AtomicLong to class java.lang.Long as writing converter
2024-11-20T02:27:44.872-03:00 DEBUG 819038 --- [hydriomind] [           main] o.s.data.convert.CustomConversions       : Adding converter from class java.lang.Long to class java.util.concurrent.atomic.AtomicLong as reading converter
2024-11-20T02:27:44.872-03:00 DEBUG 819038 --- [hydriomind] [           main] o.s.data.convert.CustomConversions       : Adding converter from class java.lang.Integer to class java.util.concurrent.atomic.AtomicInteger as reading converter
2024-11-20T02:27:44.872-03:00 DEBUG 819038 --- [hydriomind] [           main] o.s.data.convert.CustomConversions       : Adding converter from class org.bson.types.Binary to class [B as reading converter
2024-11-20T02:27:44.872-03:00 DEBUG 819038 --- [hydriomind] [           main] o.s.data.convert.CustomConversions       : Adding converter from class org.bson.BsonTimestamp to class java.time.Instant as reading converter
2024-11-20T02:27:44.872-03:00 DEBUG 819038 --- [hydriomind] [           main] o.s.data.convert.CustomConversions       : Adding converter from class org.bson.BsonUndefined to class java.lang.Object as reading converter
2024-11-20T02:27:44.872-03:00 DEBUG 819038 --- [hydriomind] [           main] o.s.data.convert.CustomConversions       : Adding converter from class java.net.URI to class java.lang.String as writing converter
2024-11-20T02:27:44.872-03:00 DEBUG 819038 --- [hydriomind] [           main] o.s.data.convert.CustomConversions       : Adding converter from class java.lang.String to class java.net.URI as reading converter
2024-11-20T02:27:44.872-03:00 DEBUG 819038 --- [hydriomind] [           main] o.s.data.convert.CustomConversions       : Adding converter from class org.springframework.data.geo.Box to class org.bson.Document as writing converter
2024-11-20T02:27:44.873-03:00 DEBUG 819038 --- [hydriomind] [           main] o.s.data.convert.CustomConversions       : Adding converter from class org.springframework.data.geo.Polygon to class org.bson.Document as writing converter
2024-11-20T02:27:44.873-03:00 DEBUG 819038 --- [hydriomind] [           main] o.s.data.convert.CustomConversions       : Adding converter from class org.springframework.data.geo.Circle to class org.bson.Document as writing converter
2024-11-20T02:27:44.873-03:00 DEBUG 819038 --- [hydriomind] [           main] o.s.data.convert.CustomConversions       : Adding converter from class org.springframework.data.mongodb.core.geo.Sphere to class org.bson.Document as writing converter
2024-11-20T02:27:44.873-03:00 DEBUG 819038 --- [hydriomind] [           main] o.s.data.convert.CustomConversions       : Adding converter from class org.bson.Document to class org.springframework.data.geo.Box as reading converter
2024-11-20T02:27:44.873-03:00 DEBUG 819038 --- [hydriomind] [           main] o.s.data.convert.CustomConversions       : Adding converter from class org.bson.Document to class org.springframework.data.geo.Polygon as reading converter
2024-11-20T02:27:44.873-03:00 DEBUG 819038 --- [hydriomind] [           main] o.s.data.convert.CustomConversions       : Adding converter from class org.bson.Document to class org.springframework.data.geo.Circle as reading converter
2024-11-20T02:27:44.873-03:00 DEBUG 819038 --- [hydriomind] [           main] o.s.data.convert.CustomConversions       : Adding converter from class org.bson.Document to class org.springframework.data.mongodb.core.geo.Sphere as reading converter
2024-11-20T02:27:44.873-03:00 DEBUG 819038 --- [hydriomind] [           main] o.s.data.convert.CustomConversions       : Adding converter from class org.bson.Document to class org.springframework.data.geo.Point as reading converter
2024-11-20T02:27:44.873-03:00 DEBUG 819038 --- [hydriomind] [           main] o.s.data.convert.CustomConversions       : Adding converter from class org.springframework.data.geo.Point to class org.bson.Document as writing converter
2024-11-20T02:27:44.873-03:00 DEBUG 819038 --- [hydriomind] [           main] o.s.data.convert.CustomConversions       : Adding converter from class org.springframework.data.mongodb.core.query.GeoCommand to class org.bson.Document as writing converter
2024-11-20T02:27:44.874-03:00 DEBUG 819038 --- [hydriomind] [           main] o.s.data.convert.CustomConversions       : Adding converter from interface org.springframework.data.mongodb.core.geo.GeoJson to class org.bson.Document as writing converter
2024-11-20T02:27:44.874-03:00 DEBUG 819038 --- [hydriomind] [           main] o.s.data.convert.CustomConversions       : Adding converter from class org.springframework.data.mongodb.core.geo.GeoJsonPoint to class org.bson.Document as writing converter
2024-11-20T02:27:44.874-03:00 DEBUG 819038 --- [hydriomind] [           main] o.s.data.convert.CustomConversions       : Adding converter from class org.springframework.data.mongodb.core.geo.GeoJsonPolygon to class org.bson.Document as writing converter
2024-11-20T02:27:44.874-03:00 DEBUG 819038 --- [hydriomind] [           main] o.s.data.convert.CustomConversions       : Adding converter from class org.bson.Document to class org.springframework.data.mongodb.core.geo.GeoJsonPoint as reading converter
2024-11-20T02:27:44.874-03:00 DEBUG 819038 --- [hydriomind] [           main] o.s.data.convert.CustomConversions       : Adding converter from class org.bson.Document to class org.springframework.data.mongodb.core.geo.GeoJsonPolygon as reading converter
2024-11-20T02:27:44.874-03:00 DEBUG 819038 --- [hydriomind] [           main] o.s.data.convert.CustomConversions       : Adding converter from class org.bson.Document to class org.springframework.data.mongodb.core.geo.GeoJsonLineString as reading converter
2024-11-20T02:27:44.874-03:00 DEBUG 819038 --- [hydriomind] [           main] o.s.data.convert.CustomConversions       : Adding converter from class org.bson.Document to class org.springframework.data.mongodb.core.geo.GeoJsonMultiLineString as reading converter
2024-11-20T02:27:44.874-03:00 DEBUG 819038 --- [hydriomind] [           main] o.s.data.convert.CustomConversions       : Adding converter from class org.bson.Document to class org.springframework.data.mongodb.core.geo.GeoJsonMultiPoint as reading converter
2024-11-20T02:27:44.874-03:00 DEBUG 819038 --- [hydriomind] [           main] o.s.data.convert.CustomConversions       : Adding converter from class org.bson.Document to class org.springframework.data.mongodb.core.geo.GeoJsonMultiPolygon as reading converter
2024-11-20T02:27:44.875-03:00 DEBUG 819038 --- [hydriomind] [           main] o.s.data.convert.CustomConversions       : Adding converter from class org.bson.Document to class org.springframework.data.mongodb.core.geo.GeoJsonGeometryCollection as reading converter
2024-11-20T02:27:44.875-03:00 DEBUG 819038 --- [hydriomind] [           main] o.s.data.convert.CustomConversions       : Adding converter from class org.bson.Document to interface org.springframework.data.mongodb.core.geo.GeoJson as reading converter
2024-11-20T02:27:44.875-03:00 DEBUG 819038 --- [hydriomind] [           main] o.s.data.convert.CustomConversions       : Adding converter from class java.util.Date to class java.time.LocalDateTime as reading converter
2024-11-20T02:27:44.875-03:00 DEBUG 819038 --- [hydriomind] [           main] o.s.data.convert.CustomConversions       : Adding converter from class java.time.LocalDateTime to class java.util.Date as writing converter
2024-11-20T02:27:44.875-03:00 DEBUG 819038 --- [hydriomind] [           main] o.s.data.convert.CustomConversions       : Adding converter from class java.util.Date to class java.time.LocalDate as reading converter
2024-11-20T02:27:44.875-03:00 DEBUG 819038 --- [hydriomind] [           main] o.s.data.convert.CustomConversions       : Adding converter from class java.time.LocalDate to class java.util.Date as writing converter
2024-11-20T02:27:44.875-03:00 DEBUG 819038 --- [hydriomind] [           main] o.s.data.convert.CustomConversions       : Adding converter from class java.util.Date to class java.time.LocalTime as reading converter
2024-11-20T02:27:44.875-03:00 DEBUG 819038 --- [hydriomind] [           main] o.s.data.convert.CustomConversions       : Adding converter from class java.time.LocalTime to class java.util.Date as writing converter
2024-11-20T02:27:44.875-03:00 DEBUG 819038 --- [hydriomind] [           main] o.s.data.convert.CustomConversions       : Adding converter from class java.util.Date to class java.time.Instant as reading converter
2024-11-20T02:27:44.875-03:00 DEBUG 819038 --- [hydriomind] [           main] o.s.data.convert.CustomConversions       : Adding converter from class java.time.Instant to class java.util.Date as writing converter
2024-11-20T02:27:44.875-03:00 DEBUG 819038 --- [hydriomind] [           main] o.s.data.convert.CustomConversions       : Skipping converter from class java.time.LocalDateTime to class java.time.Instant as reading converter class java.time.LocalDateTime is not a store supported simple type
2024-11-20T02:27:44.876-03:00 DEBUG 819038 --- [hydriomind] [           main] o.s.data.convert.CustomConversions       : Skipping converter from class java.time.Instant to class java.time.LocalDateTime as reading converter class java.time.Instant is not a store supported simple type
2024-11-20T02:27:44.876-03:00 DEBUG 819038 --- [hydriomind] [           main] o.s.data.convert.CustomConversions       : Adding converter from class java.time.ZoneId to class java.lang.String as writing converter
2024-11-20T02:27:44.876-03:00 DEBUG 819038 --- [hydriomind] [           main] o.s.data.convert.CustomConversions       : Adding converter from class java.lang.String to class java.time.ZoneId as reading converter
2024-11-20T02:27:44.876-03:00 DEBUG 819038 --- [hydriomind] [           main] o.s.data.convert.CustomConversions       : Adding converter from class java.time.Duration to class java.lang.String as writing converter
2024-11-20T02:27:44.876-03:00 DEBUG 819038 --- [hydriomind] [           main] o.s.data.convert.CustomConversions       : Adding converter from class java.lang.String to class java.time.Duration as reading converter
2024-11-20T02:27:44.876-03:00 DEBUG 819038 --- [hydriomind] [           main] o.s.data.convert.CustomConversions       : Adding converter from class java.time.Period to class java.lang.String as writing converter
2024-11-20T02:27:44.876-03:00 DEBUG 819038 --- [hydriomind] [           main] o.s.data.convert.CustomConversions       : Adding converter from class java.lang.String to class java.time.Period as reading converter
2024-11-20T02:27:44.876-03:00 DEBUG 819038 --- [hydriomind] [           main] o.s.data.convert.CustomConversions       : Adding converter from class java.lang.String to class java.time.LocalDate as reading converter
2024-11-20T02:27:44.876-03:00 DEBUG 819038 --- [hydriomind] [           main] o.s.data.convert.CustomConversions       : Adding converter from class java.lang.String to class java.time.LocalDateTime as reading converter
2024-11-20T02:27:44.877-03:00 DEBUG 819038 --- [hydriomind] [           main] o.s.data.convert.CustomConversions       : Adding converter from class java.lang.String to class java.time.Instant as reading converter
2024-11-20T02:27:44.885-03:00 DEBUG 819038 --- [hydriomind] [           main] o.s.b.f.s.DefaultListableBeanFactory     : Creating shared instance of singleton bean 'mongoManagedTypes'
2024-11-20T02:27:44.887-03:00 DEBUG 819038 --- [hydriomind] [           main] o.s.b.f.s.DefaultListableBeanFactory     : Autowiring by type from bean name 'mongoManagedTypes' via factory method to bean named 'org.springframework.web.context.support.GenericWebApplicationContext@672f11c2'
2024-11-20T02:27:44.891-03:00 DEBUG 819038 --- [hydriomind] [           main] ssPathScanningCandidateComponentProvider : Identified candidate component class: file [/home/calinathalya/HydrioMind/target/classes/br/com/fiap/hydriomind/entity/AnaliseDesperdicio.class]
2024-11-20T02:27:44.891-03:00 DEBUG 819038 --- [hydriomind] [           main] ssPathScanningCandidateComponentProvider : Identified candidate component class: file [/home/calinathalya/HydrioMind/target/classes/br/com/fiap/hydriomind/entity/Recomendacao.class]
2024-11-20T02:27:44.891-03:00 DEBUG 819038 --- [hydriomind] [           main] ssPathScanningCandidateComponentProvider : Identified candidate component class: file [/home/calinathalya/HydrioMind/target/classes/br/com/fiap/hydriomind/entity/Usuario.class]
2024-11-20T02:27:44.893-03:00 DEBUG 819038 --- [hydriomind] [           main] o.s.b.f.s.DefaultListableBeanFactory     : Autowiring by type from bean name 'mongoMappingContext' via factory method to bean named 'spring.data.mongodb-org.springframework.boot.autoconfigure.mongo.MongoProperties'
2024-11-20T02:27:44.894-03:00 DEBUG 819038 --- [hydriomind] [           main] o.s.b.f.s.DefaultListableBeanFactory     : Autowiring by type from bean name 'mongoMappingContext' via factory method to bean named 'mongoCustomConversions'
2024-11-20T02:27:44.894-03:00 DEBUG 819038 --- [hydriomind] [           main] o.s.b.f.s.DefaultListableBeanFactory     : Autowiring by type from bean name 'mongoMappingContext' via factory method to bean named 'mongoManagedTypes'
2024-11-20T02:27:44.940-03:00 DEBUG 819038 --- [hydriomind] [           main] o.s.b.f.s.DefaultListableBeanFactory     : Creating shared instance of singleton bean 'delegatingApplicationListener'
2024-11-20T02:27:44.955-03:00 DEBUG 819038 --- [hydriomind] [           main] o.s.b.f.s.DefaultListableBeanFactory     : Autowiring by type from bean name 'mappingMongoConverter' via factory method to bean named 'mongoDatabaseFactory'
2024-11-20T02:27:44.955-03:00 DEBUG 819038 --- [hydriomind] [           main] o.s.b.f.s.DefaultListableBeanFactory     : Autowiring by type from bean name 'mappingMongoConverter' via factory method to bean named 'mongoMappingContext'
2024-11-20T02:27:44.956-03:00 DEBUG 819038 --- [hydriomind] [           main] o.s.b.f.s.DefaultListableBeanFactory     : Autowiring by type from bean name 'mappingMongoConverter' via factory method to bean named 'mongoCustomConversions'
2024-11-20T02:27:44.973-03:00 DEBUG 819038 --- [hydriomind] [           main] o.s.data.convert.CustomConversions       : Adding converter from class java.lang.Character to class java.lang.String as writing converter
2024-11-20T02:27:44.973-03:00 DEBUG 819038 --- [hydriomind] [           main] o.s.data.convert.CustomConversions       : Adding converter from class java.util.Locale to class java.lang.String as writing converter
2024-11-20T02:27:44.973-03:00 DEBUG 819038 --- [hydriomind] [           main] o.s.data.convert.CustomConversions       : Adding converter from class java.math.BigDecimal to class java.lang.String as writing converter
2024-11-20T02:27:44.973-03:00 DEBUG 819038 --- [hydriomind] [           main] o.s.data.convert.CustomConversions       : Adding converter from class java.math.BigDecimal to class org.bson.types.Decimal128 as writing converter
2024-11-20T02:27:44.973-03:00 DEBUG 819038 --- [hydriomind] [           main] o.s.data.convert.CustomConversions       : Adding converter from class java.lang.String to class java.math.BigDecimal as reading converter
2024-11-20T02:27:44.973-03:00 DEBUG 819038 --- [hydriomind] [           main] o.s.data.convert.CustomConversions       : Adding converter from class org.bson.types.Decimal128 to class java.math.BigDecimal as reading converter
2024-11-20T02:27:44.973-03:00 DEBUG 819038 --- [hydriomind] [           main] o.s.data.convert.CustomConversions       : Adding converter from class java.math.BigInteger to class java.lang.String as writing converter
2024-11-20T02:27:44.973-03:00 DEBUG 819038 --- [hydriomind] [           main] o.s.data.convert.CustomConversions       : Adding converter from class java.lang.String to class java.math.BigInteger as reading converter
2024-11-20T02:27:44.974-03:00 DEBUG 819038 --- [hydriomind] [           main] o.s.data.convert.CustomConversions       : Adding converter from class java.net.URL to class java.lang.String as writing converter
2024-11-20T02:27:44.974-03:00 DEBUG 819038 --- [hydriomind] [           main] o.s.data.convert.CustomConversions       : Adding converter from class java.lang.String to class java.net.URL as reading converter
2024-11-20T02:27:44.974-03:00 DEBUG 819038 --- [hydriomind] [           main] o.s.data.convert.CustomConversions       : Adding converter from class org.bson.Document to class java.lang.String as reading converter
2024-11-20T02:27:44.974-03:00 DEBUG 819038 --- [hydriomind] [           main] o.s.data.convert.CustomConversions       : Adding converter from class org.springframework.data.mongodb.core.query.Term to class java.lang.String as writing converter
2024-11-20T02:27:44.974-03:00 DEBUG 819038 --- [hydriomind] [           main] o.s.data.convert.CustomConversions       : Adding converter from class org.springframework.data.mongodb.core.script.NamedMongoScript to class org.bson.Document as writing converter
2024-11-20T02:27:44.974-03:00 DEBUG 819038 --- [hydriomind] [           main] o.s.data.convert.CustomConversions       : Adding converter from class org.bson.Document to class org.springframework.data.mongodb.core.script.NamedMongoScript as reading converter
2024-11-20T02:27:44.974-03:00 DEBUG 819038 --- [hydriomind] [           main] o.s.data.convert.CustomConversions       : Adding converter from class java.util.Currency to class java.lang.String as writing converter
2024-11-20T02:27:44.974-03:00 DEBUG 819038 --- [hydriomind] [           main] o.s.data.convert.CustomConversions       : Adding converter from class java.lang.String to class java.util.Currency as reading converter
2024-11-20T02:27:44.974-03:00 DEBUG 819038 --- [hydriomind] [           main] o.s.data.convert.CustomConversions       : Adding converter from class java.util.concurrent.atomic.AtomicInteger to class java.lang.Integer as writing converter
2024-11-20T02:27:44.974-03:00 DEBUG 819038 --- [hydriomind] [           main] o.s.data.convert.CustomConversions       : Adding converter from class java.util.concurrent.atomic.AtomicLong to class java.lang.Long as writing converter
2024-11-20T02:27:44.974-03:00 DEBUG 819038 --- [hydriomind] [           main] o.s.data.convert.CustomConversions       : Adding converter from class java.lang.Long to class java.util.concurrent.atomic.AtomicLong as reading converter
2024-11-20T02:27:44.974-03:00 DEBUG 819038 --- [hydriomind] [           main] o.s.data.convert.CustomConversions       : Adding converter from class java.lang.Integer to class java.util.concurrent.atomic.AtomicInteger as reading converter
2024-11-20T02:27:44.974-03:00 DEBUG 819038 --- [hydriomind] [           main] o.s.data.convert.CustomConversions       : Adding converter from class org.bson.types.Binary to class [B as reading converter
2024-11-20T02:27:44.975-03:00 DEBUG 819038 --- [hydriomind] [           main] o.s.data.convert.CustomConversions       : Adding converter from class org.bson.BsonTimestamp to class java.time.Instant as reading converter
2024-11-20T02:27:44.975-03:00 DEBUG 819038 --- [hydriomind] [           main] o.s.data.convert.CustomConversions       : Adding converter from class org.bson.BsonUndefined to class java.lang.Object as reading converter
2024-11-20T02:27:44.975-03:00 DEBUG 819038 --- [hydriomind] [           main] o.s.data.convert.CustomConversions       : Adding converter from class java.net.URI to class java.lang.String as writing converter
2024-11-20T02:27:44.975-03:00 DEBUG 819038 --- [hydriomind] [           main] o.s.data.convert.CustomConversions       : Adding converter from class java.lang.String to class java.net.URI as reading converter
2024-11-20T02:27:44.975-03:00 DEBUG 819038 --- [hydriomind] [           main] o.s.data.convert.CustomConversions       : Adding converter from class org.springframework.data.geo.Box to class org.bson.Document as writing converter
2024-11-20T02:27:44.975-03:00 DEBUG 819038 --- [hydriomind] [           main] o.s.data.convert.CustomConversions       : Adding converter from class org.springframework.data.geo.Polygon to class org.bson.Document as writing converter
2024-11-20T02:27:44.975-03:00 DEBUG 819038 --- [hydriomind] [           main] o.s.data.convert.CustomConversions       : Adding converter from class org.springframework.data.geo.Circle to class org.bson.Document as writing converter
2024-11-20T02:27:44.975-03:00 DEBUG 819038 --- [hydriomind] [           main] o.s.data.convert.CustomConversions       : Adding converter from class org.springframework.data.mongodb.core.geo.Sphere to class org.bson.Document as writing converter
2024-11-20T02:27:44.975-03:00 DEBUG 819038 --- [hydriomind] [           main] o.s.data.convert.CustomConversions       : Adding converter from class org.bson.Document to class org.springframework.data.geo.Box as reading converter
2024-11-20T02:27:44.975-03:00 DEBUG 819038 --- [hydriomind] [           main] o.s.data.convert.CustomConversions       : Adding converter from class org.bson.Document to class org.springframework.data.geo.Polygon as reading converter
2024-11-20T02:27:44.975-03:00 DEBUG 819038 --- [hydriomind] [           main] o.s.data.convert.CustomConversions       : Adding converter from class org.bson.Document to class org.springframework.data.geo.Circle as reading converter
2024-11-20T02:27:44.976-03:00 DEBUG 819038 --- [hydriomind] [           main] o.s.data.convert.CustomConversions       : Adding converter from class org.bson.Document to class org.springframework.data.mongodb.core.geo.Sphere as reading converter
2024-11-20T02:27:44.976-03:00 DEBUG 819038 --- [hydriomind] [           main] o.s.data.convert.CustomConversions       : Adding converter from class org.bson.Document to class org.springframework.data.geo.Point as reading converter
2024-11-20T02:27:44.976-03:00 DEBUG 819038 --- [hydriomind] [           main] o.s.data.convert.CustomConversions       : Adding converter from class org.springframework.data.geo.Point to class org.bson.Document as writing converter
2024-11-20T02:27:44.976-03:00 DEBUG 819038 --- [hydriomind] [           main] o.s.data.convert.CustomConversions       : Adding converter from class org.springframework.data.mongodb.core.query.GeoCommand to class org.bson.Document as writing converter
2024-11-20T02:27:44.976-03:00 DEBUG 819038 --- [hydriomind] [           main] o.s.data.convert.CustomConversions       : Adding converter from interface org.springframework.data.mongodb.core.geo.GeoJson to class org.bson.Document as writing converter
2024-11-20T02:27:44.976-03:00 DEBUG 819038 --- [hydriomind] [           main] o.s.data.convert.CustomConversions       : Adding converter from class org.springframework.data.mongodb.core.geo.GeoJsonPoint to class org.bson.Document as writing converter
2024-11-20T02:27:44.977-03:00 DEBUG 819038 --- [hydriomind] [           main] o.s.data.convert.CustomConversions       : Adding converter from class org.springframework.data.mongodb.core.geo.GeoJsonPolygon to class org.bson.Document as writing converter
2024-11-20T02:27:44.977-03:00 DEBUG 819038 --- [hydriomind] [           main] o.s.data.convert.CustomConversions       : Adding converter from class org.bson.Document to class org.springframework.data.mongodb.core.geo.GeoJsonPoint as reading converter
2024-11-20T02:27:44.977-03:00 DEBUG 819038 --- [hydriomind] [           main] o.s.data.convert.CustomConversions       : Adding converter from class org.bson.Document to class org.springframework.data.mongodb.core.geo.GeoJsonPolygon as reading converter
2024-11-20T02:27:44.977-03:00 DEBUG 819038 --- [hydriomind] [           main] o.s.data.convert.CustomConversions       : Adding converter from class org.bson.Document to class org.springframework.data.mongodb.core.geo.GeoJsonLineString as reading converter
2024-11-20T02:27:44.977-03:00 DEBUG 819038 --- [hydriomind] [           main] o.s.data.convert.CustomConversions       : Adding converter from class org.bson.Document to class org.springframework.data.mongodb.core.geo.GeoJsonMultiLineString as reading converter
2024-11-20T02:27:44.977-03:00 DEBUG 819038 --- [hydriomind] [           main] o.s.data.convert.CustomConversions       : Adding converter from class org.bson.Document to class org.springframework.data.mongodb.core.geo.GeoJsonMultiPoint as reading converter
2024-11-20T02:27:44.977-03:00 DEBUG 819038 --- [hydriomind] [           main] o.s.data.convert.CustomConversions       : Adding converter from class org.bson.Document to class org.springframework.data.mongodb.core.geo.GeoJsonMultiPolygon as reading converter
2024-11-20T02:27:44.977-03:00 DEBUG 819038 --- [hydriomind] [           main] o.s.data.convert.CustomConversions       : Adding converter from class org.bson.Document to class org.springframework.data.mongodb.core.geo.GeoJsonGeometryCollection as reading converter
2024-11-20T02:27:44.977-03:00 DEBUG 819038 --- [hydriomind] [           main] o.s.data.convert.CustomConversions       : Adding converter from class org.bson.Document to interface org.springframework.data.mongodb.core.geo.GeoJson as reading converter
2024-11-20T02:27:44.977-03:00 DEBUG 819038 --- [hydriomind] [           main] o.s.data.convert.CustomConversions       : Adding converter from class java.util.Date to class java.time.LocalDateTime as reading converter
2024-11-20T02:27:44.978-03:00 DEBUG 819038 --- [hydriomind] [           main] o.s.data.convert.CustomConversions       : Adding converter from class java.time.LocalDateTime to class java.util.Date as writing converter
2024-11-20T02:27:44.978-03:00 DEBUG 819038 --- [hydriomind] [           main] o.s.data.convert.CustomConversions       : Adding converter from class java.util.Date to class java.time.LocalDate as reading converter
2024-11-20T02:27:44.978-03:00 DEBUG 819038 --- [hydriomind] [           main] o.s.data.convert.CustomConversions       : Adding converter from class java.time.LocalDate to class java.util.Date as writing converter
2024-11-20T02:27:44.978-03:00 DEBUG 819038 --- [hydriomind] [           main] o.s.data.convert.CustomConversions       : Adding converter from class java.util.Date to class java.time.LocalTime as reading converter
2024-11-20T02:27:44.978-03:00 DEBUG 819038 --- [hydriomind] [           main] o.s.data.convert.CustomConversions       : Adding converter from class java.time.LocalTime to class java.util.Date as writing converter
2024-11-20T02:27:44.978-03:00 DEBUG 819038 --- [hydriomind] [           main] o.s.data.convert.CustomConversions       : Adding converter from class java.util.Date to class java.time.Instant as reading converter
2024-11-20T02:27:44.978-03:00 DEBUG 819038 --- [hydriomind] [           main] o.s.data.convert.CustomConversions       : Adding converter from class java.time.Instant to class java.util.Date as writing converter
2024-11-20T02:27:44.978-03:00 DEBUG 819038 --- [hydriomind] [           main] o.s.data.convert.CustomConversions       : Skipping converter from class java.time.LocalDateTime to class java.time.Instant as reading converter class java.time.LocalDateTime is not a store supported simple type
2024-11-20T02:27:44.978-03:00 DEBUG 819038 --- [hydriomind] [           main] o.s.data.convert.CustomConversions       : Skipping converter from class java.time.Instant to class java.time.LocalDateTime as reading converter class java.time.Instant is not a store supported simple type
2024-11-20T02:27:44.978-03:00 DEBUG 819038 --- [hydriomind] [           main] o.s.data.convert.CustomConversions       : Adding converter from class java.time.ZoneId to class java.lang.String as writing converter
2024-11-20T02:27:44.978-03:00 DEBUG 819038 --- [hydriomind] [           main] o.s.data.convert.CustomConversions       : Adding converter from class java.lang.String to class java.time.ZoneId as reading converter
2024-11-20T02:27:44.978-03:00 DEBUG 819038 --- [hydriomind] [           main] o.s.data.convert.CustomConversions       : Adding converter from class java.time.Duration to class java.lang.String as writing converter
2024-11-20T02:27:44.978-03:00 DEBUG 819038 --- [hydriomind] [           main] o.s.data.convert.CustomConversions       : Adding converter from class java.lang.String to class java.time.Duration as reading converter
2024-11-20T02:27:44.979-03:00 DEBUG 819038 --- [hydriomind] [           main] o.s.data.convert.CustomConversions       : Adding converter from class java.time.Period to class java.lang.String as writing converter
2024-11-20T02:27:44.979-03:00 DEBUG 819038 --- [hydriomind] [           main] o.s.data.convert.CustomConversions       : Adding converter from class java.lang.String to class java.time.Period as reading converter
2024-11-20T02:27:44.979-03:00 DEBUG 819038 --- [hydriomind] [           main] o.s.data.convert.CustomConversions       : Adding converter from class java.lang.String to class java.time.LocalDate as reading converter
2024-11-20T02:27:44.979-03:00 DEBUG 819038 --- [hydriomind] [           main] o.s.data.convert.CustomConversions       : Adding converter from class java.lang.String to class java.time.LocalDateTime as reading converter
2024-11-20T02:27:44.979-03:00 DEBUG 819038 --- [hydriomind] [           main] o.s.data.convert.CustomConversions       : Adding converter from class java.lang.String to class java.time.Instant as reading converter
2024-11-20T02:27:45.045-03:00 DEBUG 819038 --- [hydriomind] [           main] o.s.b.f.s.DefaultListableBeanFactory     : Autowiring by type from bean name 'mongoTemplate' via factory method to bean named 'mongoDatabaseFactory'
2024-11-20T02:27:45.045-03:00 DEBUG 819038 --- [hydriomind] [           main] o.s.b.f.s.DefaultListableBeanFactory     : Autowiring by type from bean name 'mongoTemplate' via factory method to bean named 'mappingMongoConverter'
2024-11-20T02:27:45.096-03:00 DEBUG 819038 --- [hydriomind] [           main] o.s.d.r.c.s.RepositoryFactorySupport     : Initializing repository instance for br.com.fiap.hydriomind.repository.UsuarioRepository…
2024-11-20T02:27:45.158-03:00 DEBUG 819038 --- [hydriomind] [           main] o.s.d.r.c.s.RepositoryFactorySupport     : Finished creation of repository instance for br.com.fiap.hydriomind.repository.UsuarioRepository.
2024-11-20T02:27:45.163-03:00 DEBUG 819038 --- [hydriomind] [           main] o.s.b.f.s.DefaultListableBeanFactory     : Autowiring by type from bean name 'securityConfig' via constructor to bean named 'usuarioService'
2024-11-20T02:27:45.166-03:00 DEBUG 819038 --- [hydriomind] [           main] o.s.b.f.s.DefaultListableBeanFactory     : Creating shared instance of singleton bean 'analiseDesperdicioController'
2024-11-20T02:27:45.176-03:00 DEBUG 819038 --- [hydriomind] [           main] o.s.b.f.s.DefaultListableBeanFactory     : Creating shared instance of singleton bean 'analiseDesperdicioService'
2024-11-20T02:27:45.187-03:00 DEBUG 819038 --- [hydriomind] [           main] o.s.b.f.s.DefaultListableBeanFactory     : Creating shared instance of singleton bean 'analiseDesperdicioRepository'
2024-11-20T02:27:45.188-03:00 DEBUG 819038 --- [hydriomind] [           main] o.s.b.f.s.DefaultListableBeanFactory     : Creating shared instance of singleton bean 'mongo.named-queries#1'
2024-11-20T02:27:45.189-03:00 DEBUG 819038 --- [hydriomind] [           main] o.s.b.f.s.DefaultListableBeanFactory     : Creating shared instance of singleton bean 'mongodb.AnaliseDesperdicioRepository.fragments#0'
2024-11-20T02:27:45.190-03:00 DEBUG 819038 --- [hydriomind] [           main] o.s.d.r.c.s.RepositoryFactorySupport     : Initializing repository instance for br.com.fiap.hydriomind.repository.AnaliseDesperdicioRepository…
2024-11-20T02:27:45.197-03:00 DEBUG 819038 --- [hydriomind] [           main] o.s.d.r.c.s.RepositoryFactorySupport     : Finished creation of repository instance for br.com.fiap.hydriomind.repository.AnaliseDesperdicioRepository.
2024-11-20T02:27:45.202-03:00 DEBUG 819038 --- [hydriomind] [           main] o.s.b.f.s.DefaultListableBeanFactory     : Creating shared instance of singleton bean 'modelMapper'
2024-11-20T02:27:45.459-03:00 DEBUG 819038 --- [hydriomind] [           main] o.s.b.f.s.DefaultListableBeanFactory     : Creating shared instance of singleton bean 'homeController'
2024-11-20T02:27:45.460-03:00 DEBUG 819038 --- [hydriomind] [           main] o.s.b.f.s.DefaultListableBeanFactory     : Creating shared instance of singleton bean 'recomendacaoController'
2024-11-20T02:27:45.461-03:00 DEBUG 819038 --- [hydriomind] [           main] o.s.b.f.s.DefaultListableBeanFactory     : Creating shared instance of singleton bean 'recomendacaoService'
2024-11-20T02:27:45.462-03:00 DEBUG 819038 --- [hydriomind] [           main] o.s.b.f.s.DefaultListableBeanFactory     : Creating shared instance of singleton bean 'recomendacaoRepository'
2024-11-20T02:27:45.463-03:00 DEBUG 819038 --- [hydriomind] [           main] o.s.b.f.s.DefaultListableBeanFactory     : Creating shared instance of singleton bean 'mongo.named-queries#0'
2024-11-20T02:27:45.463-03:00 DEBUG 819038 --- [hydriomind] [           main] o.s.b.f.s.DefaultListableBeanFactory     : Creating shared instance of singleton bean 'mongodb.RecomendacaoRepository.fragments#0'
2024-11-20T02:27:45.464-03:00 DEBUG 819038 --- [hydriomind] [           main] o.s.d.r.c.s.RepositoryFactorySupport     : Initializing repository instance for br.com.fiap.hydriomind.repository.RecomendacaoRepository…
2024-11-20T02:27:45.468-03:00 DEBUG 819038 --- [hydriomind] [           main] o.s.d.r.c.s.RepositoryFactorySupport     : Finished creation of repository instance for br.com.fiap.hydriomind.repository.RecomendacaoRepository.
2024-11-20T02:27:45.469-03:00 DEBUG 819038 --- [hydriomind] [           main] o.s.b.f.s.DefaultListableBeanFactory     : Creating shared instance of singleton bean 'usuarioController'
2024-11-20T02:27:45.471-03:00 DEBUG 819038 --- [hydriomind] [           main] o.s.b.f.s.DefaultListableBeanFactory     : Creating shared instance of singleton bean 'org.springframework.security.config.annotation.configuration.ObjectPostProcessorConfiguration'
2024-11-20T02:27:45.471-03:00 DEBUG 819038 --- [hydriomind] [           main] o.s.b.f.s.DefaultListableBeanFactory     : Creating shared instance of singleton bean 'objectPostProcessor'
2024-11-20T02:27:45.472-03:00 DEBUG 819038 --- [hydriomind] [           main] o.s.b.f.s.DefaultListableBeanFactory     : Autowiring by type from bean name 'objectPostProcessor' via factory method to bean named 'org.springframework.beans.factory.support.DefaultListableBeanFactory@3c818ac4'
2024-11-20T02:27:45.473-03:00 DEBUG 819038 --- [hydriomind] [           main] o.s.b.f.s.DefaultListableBeanFactory     : Creating shared instance of singleton bean 'org.springframework.security.config.annotation.authentication.configuration.AuthenticationConfiguration'
2024-11-20T02:27:45.475-03:00 DEBUG 819038 --- [hydriomind] [           main] o.s.b.f.s.DefaultListableBeanFactory     : Creating shared instance of singleton bean 'enableGlobalAuthenticationAutowiredConfigurer'
2024-11-20T02:27:45.475-03:00 DEBUG 819038 --- [hydriomind] [           main] o.s.b.f.s.DefaultListableBeanFactory     : Autowiring by type from bean name 'enableGlobalAuthenticationAutowiredConfigurer' via factory method to bean named 'org.springframework.web.context.support.GenericWebApplicationContext@672f11c2'
2024-11-20T02:27:45.476-03:00 DEBUG 819038 --- [hydriomind] [           main] o.s.b.f.s.DefaultListableBeanFactory     : Creating shared instance of singleton bean 'initializeUserDetailsBeanManagerConfigurer'
2024-11-20T02:27:45.477-03:00 DEBUG 819038 --- [hydriomind] [           main] o.s.b.f.s.DefaultListableBeanFactory     : Autowiring by type from bean name 'initializeUserDetailsBeanManagerConfigurer' via factory method to bean named 'org.springframework.web.context.support.GenericWebApplicationContext@672f11c2'
2024-11-20T02:27:45.477-03:00 DEBUG 819038 --- [hydriomind] [           main] o.s.b.f.s.DefaultListableBeanFactory     : Creating shared instance of singleton bean 'initializeAuthenticationProviderBeanManagerConfigurer'
2024-11-20T02:27:45.477-03:00 DEBUG 819038 --- [hydriomind] [           main] o.s.b.f.s.DefaultListableBeanFactory     : Autowiring by type from bean name 'initializeAuthenticationProviderBeanManagerConfigurer' via factory method to bean named 'org.springframework.web.context.support.GenericWebApplicationContext@672f11c2'
2024-11-20T02:27:45.479-03:00 DEBUG 819038 --- [hydriomind] [           main] o.s.b.f.s.DefaultListableBeanFactory     : Creating shared instance of singleton bean 'authenticationManagerBuilder'
2024-11-20T02:27:45.479-03:00 DEBUG 819038 --- [hydriomind] [           main] o.s.b.f.s.DefaultListableBeanFactory     : Autowiring by type from bean name 'authenticationManagerBuilder' via factory method to bean named 'objectPostProcessor'
2024-11-20T02:27:45.480-03:00 DEBUG 819038 --- [hydriomind] [           main] o.s.b.f.s.DefaultListableBeanFactory     : Autowiring by type from bean name 'authenticationManagerBuilder' via factory method to bean named 'org.springframework.web.context.support.GenericWebApplicationContext@672f11c2'
2024-11-20T02:27:45.480-03:00 DEBUG 819038 --- [hydriomind] [           main] o.s.b.f.s.DefaultListableBeanFactory     : Creating shared instance of singleton bean 'authenticationEventPublisher'
2024-11-20T02:27:45.481-03:00 DEBUG 819038 --- [hydriomind] [           main] o.s.b.f.s.DefaultListableBeanFactory     : Creating shared instance of singleton bean 'org.springframework.boot.autoconfigure.security.servlet.SecurityAutoConfiguration'
2024-11-20T02:27:45.482-03:00 DEBUG 819038 --- [hydriomind] [           main] o.s.b.f.s.DefaultListableBeanFactory     : Autowiring by type from bean name 'authenticationEventPublisher' via factory method to bean named 'org.springframework.web.context.support.GenericWebApplicationContext@672f11c2'
2024-11-20T02:27:45.488-03:00 DEBUG 819038 --- [hydriomind] [           main] o.s.b.f.s.DefaultListableBeanFactory     : Creating shared instance of singleton bean 'org.springframework.security.config.annotation.web.configuration.WebSecurityConfiguration'
2024-11-20T02:27:45.491-03:00 DEBUG 819038 --- [hydriomind] [           main] o.s.b.f.s.DefaultListableBeanFactory     : Creating shared instance of singleton bean 'org.springframework.security.config.annotation.web.configuration.HttpSecurityConfiguration'
2024-11-20T02:27:45.496-03:00 DEBUG 819038 --- [hydriomind] [           main] o.s.b.f.s.DefaultListableBeanFactory     : Creating shared instance of singleton bean 'mvcContentNegotiationManager'
2024-11-20T02:27:45.497-03:00 DEBUG 819038 --- [hydriomind] [           main] o.s.b.f.s.DefaultListableBeanFactory     : Creating shared instance of singleton bean 'org.springframework.boot.autoconfigure.web.servlet.WebMvcAutoConfiguration$EnableWebMvcConfiguration'
2024-11-20T02:27:45.498-03:00 DEBUG 819038 --- [hydriomind] [           main] o.s.b.f.s.DefaultListableBeanFactory     : Creating shared instance of singleton bean 'spring.mvc-org.springframework.boot.autoconfigure.web.servlet.WebMvcProperties'
2024-11-20T02:27:45.502-03:00 DEBUG 819038 --- [hydriomind] [           main] o.s.b.f.s.DefaultListableBeanFactory     : Creating shared instance of singleton bean 'spring.web-org.springframework.boot.autoconfigure.web.WebProperties'
2024-11-20T02:27:45.505-03:00 DEBUG 819038 --- [hydriomind] [           main] o.s.b.f.s.DefaultListableBeanFactory     : Autowiring by type from bean name 'org.springframework.boot.autoconfigure.web.servlet.WebMvcAutoConfiguration$EnableWebMvcConfiguration' via constructor to bean named 'spring.mvc-org.springframework.boot.autoconfigure.web.servlet.WebMvcProperties'
2024-11-20T02:27:45.505-03:00 DEBUG 819038 --- [hydriomind] [           main] o.s.b.f.s.DefaultListableBeanFactory     : Autowiring by type from bean name 'org.springframework.boot.autoconfigure.web.servlet.WebMvcAutoConfiguration$EnableWebMvcConfiguration' via constructor to bean named 'spring.web-org.springframework.boot.autoconfigure.web.WebProperties'
2024-11-20T02:27:45.505-03:00 DEBUG 819038 --- [hydriomind] [           main] o.s.b.f.s.DefaultListableBeanFactory     : Autowiring by type from bean name 'org.springframework.boot.autoconfigure.web.servlet.WebMvcAutoConfiguration$EnableWebMvcConfiguration' via constructor to bean named 'org.springframework.beans.factory.support.DefaultListableBeanFactory@3c818ac4'
2024-11-20T02:27:45.510-03:00 DEBUG 819038 --- [hydriomind] [           main] o.s.b.f.s.DefaultListableBeanFactory     : Creating shared instance of singleton bean 'org.springframework.security.config.annotation.web.configuration.WebMvcSecurityConfiguration'
2024-11-20T02:27:45.511-03:00 DEBUG 819038 --- [hydriomind] [           main] o.s.b.f.s.DefaultListableBeanFactory     : Creating shared instance of singleton bean 'org.springframework.boot.autoconfigure.web.servlet.WebMvcAutoConfiguration$WebMvcAutoConfigurationAdapter'
2024-11-20T02:27:45.511-03:00 DEBUG 819038 --- [hydriomind] [           main] o.s.b.f.s.DefaultListableBeanFactory     : Autowiring by type from bean name 'org.springframework.boot.autoconfigure.web.servlet.WebMvcAutoConfiguration$WebMvcAutoConfigurationAdapter' via constructor to bean named 'spring.web-org.springframework.boot.autoconfigure.web.WebProperties'
2024-11-20T02:27:45.511-03:00 DEBUG 819038 --- [hydriomind] [           main] o.s.b.f.s.DefaultListableBeanFactory     : Autowiring by type from bean name 'org.springframework.boot.autoconfigure.web.servlet.WebMvcAutoConfiguration$WebMvcAutoConfigurationAdapter' via constructor to bean named 'spring.mvc-org.springframework.boot.autoconfigure.web.servlet.WebMvcProperties'
2024-11-20T02:27:45.511-03:00 DEBUG 819038 --- [hydriomind] [           main] o.s.b.f.s.DefaultListableBeanFactory     : Autowiring by type from bean name 'org.springframework.boot.autoconfigure.web.servlet.WebMvcAutoConfiguration$WebMvcAutoConfigurationAdapter' via constructor to bean named 'org.springframework.beans.factory.support.DefaultListableBeanFactory@3c818ac4'
2024-11-20T02:27:45.513-03:00 DEBUG 819038 --- [hydriomind] [           main] o.s.b.f.s.DefaultListableBeanFactory     : Creating shared instance of singleton bean 'hypermediaWebMvcConfigurer'
2024-11-20T02:27:45.513-03:00 DEBUG 819038 --- [hydriomind] [           main] o.s.b.f.s.DefaultListableBeanFactory     : Creating shared instance of singleton bean 'org.springframework.hateoas.config.WebMvcHateoasConfiguration'
2024-11-20T02:27:45.514-03:00 DEBUG 819038 --- [hydriomind] [           main] o.s.b.f.s.DefaultListableBeanFactory     : Creating shared instance of singleton bean 'hypermediaWebMvcConverters'
2024-11-20T02:27:45.514-03:00 DEBUG 819038 --- [hydriomind] [           main] o.s.b.f.s.DefaultListableBeanFactory     : Creating shared instance of singleton bean 'org.springframework.hateoas.config.HateoasConfiguration'
2024-11-20T02:27:45.516-03:00 DEBUG 819038 --- [hydriomind] [           main] o.s.b.f.s.DefaultListableBeanFactory     : Creating shared instance of singleton bean 'org.springframework.hateoas.mediatype.hal.HalMediaTypeConfiguration'
2024-11-20T02:27:45.517-03:00 DEBUG 819038 --- [hydriomind] [           main] o.s.b.f.s.DefaultListableBeanFactory     : Creating shared instance of singleton bean '_relProvider'
2024-11-20T02:27:45.519-03:00 DEBUG 819038 --- [hydriomind] [           main] o.s.b.f.s.DefaultListableBeanFactory     : Creating shared instance of singleton bean 'relProviderPluginRegistry'
2024-11-20T02:27:45.520-03:00 DEBUG 819038 --- [hydriomind] [           main] o.s.b.f.s.DefaultListableBeanFactory     : Autowiring by type from bean name 'relProviderPluginRegistry' via factory method to bean named 'org.springframework.web.context.support.GenericWebApplicationContext@672f11c2'
2024-11-20T02:27:45.525-03:00 DEBUG 819038 --- [hydriomind] [           main] o.s.b.f.s.DefaultListableBeanFactory     : Autowiring by type from bean name '_relProvider' via factory method to bean named 'relProviderPluginRegistry'
2024-11-20T02:27:45.527-03:00 DEBUG 819038 --- [hydriomind] [           main] o.s.b.f.s.DefaultListableBeanFactory     : Creating shared instance of singleton bean 'messageResolver'
2024-11-20T02:27:45.532-03:00 DEBUG 819038 --- [hydriomind] [           main] o.s.b.f.s.DefaultListableBeanFactory     : Autowiring by type from bean name 'org.springframework.hateoas.mediatype.hal.HalMediaTypeConfiguration' via constructor to bean named '_relProvider'
2024-11-20T02:27:45.532-03:00 DEBUG 819038 --- [hydriomind] [           main] o.s.b.f.s.DefaultListableBeanFactory     : Autowiring by type from bean name 'org.springframework.hateoas.mediatype.hal.HalMediaTypeConfiguration' via constructor to bean named 'messageResolver'
2024-11-20T02:27:45.532-03:00 DEBUG 819038 --- [hydriomind] [           main] o.s.b.f.s.DefaultListableBeanFactory     : Autowiring by type from bean name 'org.springframework.hateoas.mediatype.hal.HalMediaTypeConfiguration' via constructor to bean named 'org.springframework.beans.factory.support.DefaultListableBeanFactory@3c818ac4'
2024-11-20T02:27:45.534-03:00 DEBUG 819038 --- [hydriomind] [           main] o.s.b.f.s.DefaultListableBeanFactory     : Creating shared instance of singleton bean 'org.springframework.hateoas.mediatype.hal.forms.HalFormsMediaTypeConfiguration'
2024-11-20T02:27:45.536-03:00 DEBUG 819038 --- [hydriomind] [           main] o.s.b.f.s.DefaultListableBeanFactory     : Autowiring by type from bean name 'org.springframework.hateoas.mediatype.hal.forms.HalFormsMediaTypeConfiguration' via constructor to bean named '_relProvider'
2024-11-20T02:27:45.537-03:00 DEBUG 819038 --- [hydriomind] [           main] o.s.b.f.s.DefaultListableBeanFactory     : Autowiring by type from bean name 'org.springframework.hateoas.mediatype.hal.forms.HalFormsMediaTypeConfiguration' via constructor to bean named 'messageResolver'
2024-11-20T02:27:45.537-03:00 DEBUG 819038 --- [hydriomind] [           main] o.s.b.f.s.DefaultListableBeanFactory     : Autowiring by type from bean name 'org.springframework.hateoas.mediatype.hal.forms.HalFormsMediaTypeConfiguration' via constructor to bean named 'org.springframework.beans.factory.support.DefaultListableBeanFactory@3c818ac4'
2024-11-20T02:27:45.539-03:00 DEBUG 819038 --- [hydriomind] [           main] o.s.b.f.s.DefaultListableBeanFactory     : Autowiring by type from bean name 'hypermediaWebMvcConverters' via factory method to bean named 'org.springframework.hateoas.mediatype.hal.HalMediaTypeConfiguration'
2024-11-20T02:27:45.540-03:00 DEBUG 819038 --- [hydriomind] [           main] o.s.b.f.s.DefaultListableBeanFactory     : Autowiring by type from bean name 'hypermediaWebMvcConverters' via factory method to bean named 'org.springframework.hateoas.mediatype.hal.forms.HalFormsMediaTypeConfiguration'
2024-11-20T02:27:45.542-03:00 DEBUG 819038 --- [hydriomind] [           main] o.s.b.f.s.DefaultListableBeanFactory     : Creating shared instance of singleton bean 'applicationJsonHalConfiguration'
2024-11-20T02:27:45.543-03:00 DEBUG 819038 --- [hydriomind] [           main] o.s.b.f.s.DefaultListableBeanFactory     : Creating shared instance of singleton bean 'org.springframework.boot.autoconfigure.hateoas.HypermediaAutoConfiguration'
2024-11-20T02:27:45.549-03:00 DEBUG 819038 --- [hydriomind] [           main] o.s.b.f.s.DefaultListableBeanFactory     : Creating shared instance of singleton bean 'jacksonObjectMapper'
2024-11-20T02:27:45.549-03:00 DEBUG 819038 --- [hydriomind] [           main] o.s.b.f.s.DefaultListableBeanFactory     : Creating shared instance of singleton bean 'org.springframework.boot.autoconfigure.jackson.JacksonAutoConfiguration$JacksonObjectMapperConfiguration'
2024-11-20T02:27:45.551-03:00 DEBUG 819038 --- [hydriomind] [           main] o.s.b.f.s.DefaultListableBeanFactory     : Creating shared instance of singleton bean 'org.springframework.boot.autoconfigure.jackson.JacksonAutoConfiguration$JacksonObjectMapperBuilderConfiguration'
2024-11-20T02:27:45.552-03:00 DEBUG 819038 --- [hydriomind] [           main] o.s.b.f.s.DefaultListableBeanFactory     : Creating shared instance of singleton bean 'standardJacksonObjectMapperBuilderCustomizer'
2024-11-20T02:27:45.553-03:00 DEBUG 819038 --- [hydriomind] [           main] o.s.b.f.s.DefaultListableBeanFactory     : Creating shared instance of singleton bean 'org.springframework.boot.autoconfigure.jackson.JacksonAutoConfiguration$Jackson2ObjectMapperBuilderCustomizerConfiguration'
2024-11-20T02:27:45.554-03:00 DEBUG 819038 --- [hydriomind] [           main] o.s.b.f.s.DefaultListableBeanFactory     : Creating shared instance of singleton bean 'spring.jackson-org.springframework.boot.autoconfigure.jackson.JacksonProperties'
2024-11-20T02:27:45.560-03:00 DEBUG 819038 --- [hydriomind] [           main] o.s.b.f.s.DefaultListableBeanFactory     : Autowiring by type from bean name 'standardJacksonObjectMapperBuilderCustomizer' via factory method to bean named 'spring.jackson-org.springframework.boot.autoconfigure.jackson.JacksonProperties'
2024-11-20T02:27:45.561-03:00 DEBUG 819038 --- [hydriomind] [           main] o.s.b.f.s.DefaultListableBeanFactory     : Creating shared instance of singleton bean 'parameterNamesModule'
2024-11-20T02:27:45.561-03:00 DEBUG 819038 --- [hydriomind] [           main] o.s.b.f.s.DefaultListableBeanFactory     : Creating shared instance of singleton bean 'org.springframework.boot.autoconfigure.jackson.JacksonAutoConfiguration$ParameterNamesModuleConfiguration'
2024-11-20T02:27:45.564-03:00 DEBUG 819038 --- [hydriomind] [           main] o.s.b.f.s.DefaultListableBeanFactory     : Creating shared instance of singleton bean 'jsonMixinModule'
2024-11-20T02:27:45.565-03:00 DEBUG 819038 --- [hydriomind] [           main] o.s.b.f.s.DefaultListableBeanFactory     : Creating shared instance of singleton bean 'org.springframework.boot.autoconfigure.jackson.JacksonAutoConfiguration$JacksonMixinConfiguration'
2024-11-20T02:27:45.566-03:00 DEBUG 819038 --- [hydriomind] [           main] o.s.b.f.s.DefaultListableBeanFactory     : Creating shared instance of singleton bean 'jsonMixinModuleEntries'
[...]

   ServletWebServerFactoryConfiguration.EmbeddedJetty:
      Did not match:
         - @ConditionalOnClass did not find required classes 'org.eclipse.jetty.server.Server', 'org.eclipse.jetty.util.Loader', 'org.eclipse.jetty.ee10.webapp.WebAppContext' (OnClassCondition)

   ServletWebServerFactoryConfiguration.EmbeddedUndertow:
      Did not match:
         - @ConditionalOnClass did not find required classes 'io.undertow.Undertow', 'org.xnio.SslClientAuthMode' (OnClassCondition)

   SessionAutoConfiguration:
      Did not match:
         - @ConditionalOnClass did not find required class 'org.springframework.session.Session' (OnClassCondition)

   SpringApplicationAdminJmxAutoConfiguration:
      Did not match:
         - @ConditionalOnProperty (spring.application.admin.enabled=true) did not find property 'enabled' (OnPropertyCondition)

   SpringBootWebSecurityConfiguration.SecurityFilterChainConfiguration:
      Did not match:
         - AllNestedConditions 1 matched 1 did not; NestedCondition on DefaultWebSecurityCondition.Beans @ConditionalOnMissingBean (types: org.springframework.security.web.SecurityFilterChain; SearchStrategy: all) found beans of type 'org.springframework.security.web.SecurityFilterChain' securityFilterChain; NestedCondition on DefaultWebSecurityCondition.Classes @ConditionalOnClass found required classes 'org.springframework.security.web.SecurityFilterChain', 'org.springframework.security.config.annotation.web.builders.HttpSecurity' (DefaultWebSecurityCondition)

   SpringBootWebSecurityConfiguration.WebSecurityEnablerConfiguration:
      Did not match:
         - @ConditionalOnMissingBean (names: springSecurityFilterChain; SearchStrategy: all) found beans named springSecurityFilterChain (OnBeanCondition)
      Matched:
         - @ConditionalOnClass found required class 'org.springframework.security.config.annotation.web.configuration.EnableWebSecurity' (OnClassCondition)

   SpringDataWebAutoConfiguration:
      Did not match:
         - @ConditionalOnMissingBean (types: org.springframework.data.web.PageableHandlerMethodArgumentResolver; SearchStrategy: all) found beans of type 'org.springframework.data.web.PageableHandlerMethodArgumentResolver' pageableResolver (OnBeanCondition)
      Matched:
         - @ConditionalOnClass found required classes 'org.springframework.data.web.PageableHandlerMethodArgumentResolver', 'org.springframework.web.servlet.config.annotation.WebMvcConfigurer' (OnClassCondition)
         - found 'session' scope (OnWebApplicationCondition)

   TaskExecutorConfigurations.SimpleAsyncTaskExecutorBuilderConfiguration#simpleAsyncTaskExecutorBuilderVirtualThreads:
      Did not match:
         - @ConditionalOnMissingBean (types: org.springframework.boot.task.SimpleAsyncTaskExecutorBuilder; SearchStrategy: all) found beans of type 'org.springframework.boot.task.SimpleAsyncTaskExecutorBuilder' simpleAsyncTaskExecutorBuilder (OnBeanCondition)

   TaskExecutorConfigurations.TaskExecutorConfiguration#applicationTaskExecutorVirtualThreads:
      Did not match:
         - @ConditionalOnThreading did not find VIRTUAL (OnThreadingCondition)

   TaskSchedulingAutoConfiguration#scheduledBeanLazyInitializationExcludeFilter:
      Did not match:
         - @ConditionalOnBean (names: org.springframework.context.annotation.internalScheduledAnnotationProcessor; SearchStrategy: all) did not find any beans named org.springframework.context.annotation.internalScheduledAnnotationProcessor (OnBeanCondition)

   TaskSchedulingConfigurations.SimpleAsyncTaskSchedulerBuilderConfiguration#simpleAsyncTaskSchedulerBuilderVirtualThreads:
      Did not match:
         - @ConditionalOnMissingBean (types: org.springframework.boot.task.SimpleAsyncTaskSchedulerBuilder; SearchStrategy: all) found beans of type 'org.springframework.boot.task.SimpleAsyncTaskSchedulerBuilder' simpleAsyncTaskSchedulerBuilder (OnBeanCondition)

   TaskSchedulingConfigurations.TaskSchedulerConfiguration:
      Did not match:
         - @ConditionalOnBean (names: org.springframework.context.annotation.internalScheduledAnnotationProcessor; SearchStrategy: all) did not find any beans named org.springframework.context.annotation.internalScheduledAnnotationProcessor (OnBeanCondition)

   TemplateEngineConfigurations.ReactiveTemplateEngineConfiguration:
      Did not match:
         - not a reactive web application (OnWebApplicationCondition)

   ThymeleafAutoConfiguration.DataAttributeDialectConfiguration:
      Did not match:
         - @ConditionalOnClass did not find required class 'com.github.mxab.thymeleaf.extras.dataattribute.dialect.DataAttributeDialect' (OnClassCondition)

   ThymeleafAutoConfiguration.ThymeleafSecurityDialectConfiguration:
      Did not match:
         - @ConditionalOnClass did not find required class 'org.thymeleaf.extras.springsecurity6.dialect.SpringSecurityDialect' (OnClassCondition)

   ThymeleafAutoConfiguration.ThymeleafWebFluxConfiguration:
      Did not match:
         - not a reactive web application (OnWebApplicationCondition)

   ThymeleafAutoConfiguration.ThymeleafWebLayoutConfiguration:
      Did not match:
         - @ConditionalOnClass did not find required class 'nz.net.ultraq.thymeleaf.layoutdialect.LayoutDialect' (OnClassCondition)

   ThymeleafAutoConfiguration.ThymeleafWebMvcConfiguration#resourceUrlEncodingFilter:
      Did not match:
         - @ConditionalOnEnabledResourceChain did not find class org.webjars.WebJarAssetLocator (OnEnabledResourceChainCondition)

   TransactionAutoConfiguration#transactionalOperator:
      Did not match:
         - @ConditionalOnSingleCandidate (types: org.springframework.transaction.ReactiveTransactionManager; SearchStrategy: all) did not find any beans (OnBeanCondition)

   TransactionAutoConfiguration.AspectJTransactionManagementConfiguration:
      Did not match:
         - @ConditionalOnBean did not find required type 'org.springframework.transaction.aspectj.AbstractTransactionAspect' (OnBeanCondition)
         - @ConditionalOnBean (types: org.springframework.transaction.aspectj.AbstractTransactionAspect; SearchStrategy: all) did not find any beans of type org.springframework.transaction.aspectj.AbstractTransactionAspect (OnBeanCondition)

   TransactionAutoConfiguration.EnableTransactionManagementConfiguration:
      Did not match:
         - @ConditionalOnBean (types: org.springframework.transaction.TransactionManager; SearchStrategy: all) did not find any beans of type org.springframework.transaction.TransactionManager (OnBeanCondition)

   TransactionAutoConfiguration.EnableTransactionManagementConfiguration.CglibAutoProxyConfiguration:
      Did not match:
         - Ancestor org.springframework.boot.autoconfigure.transaction.TransactionAutoConfiguration$EnableTransactionManagementConfiguration did not match (ConditionEvaluationReport.AncestorsMatchedCondition)
      Matched:
         - @ConditionalOnProperty (spring.aop.proxy-target-class=true) matched (OnPropertyCondition)

   TransactionAutoConfiguration.EnableTransactionManagementConfiguration.JdkDynamicAutoProxyConfiguration:
      Did not match:
         - @ConditionalOnProperty (spring.aop.proxy-target-class=false) did not find property 'proxy-target-class' (OnPropertyCondition)
         - Ancestor org.springframework.boot.autoconfigure.transaction.TransactionAutoConfiguration$EnableTransactionManagementConfiguration did not match (ConditionEvaluationReport.AncestorsMatchedCondition)

   TransactionAutoConfiguration.TransactionTemplateConfiguration:
      Did not match:
         - @ConditionalOnSingleCandidate (types: org.springframework.transaction.PlatformTransactionManager; SearchStrategy: all) did not find any beans (OnBeanCondition)

   UserDetailsServiceAutoConfiguration:
      Did not match:
         - @ConditionalOnMissingBean (types: org.springframework.security.authentication.AuthenticationManager,org.springframework.security.authentication.AuthenticationProvider,org.springframework.security.core.userdetails.UserDetailsService,org.springframework.security.authentication.AuthenticationManagerResolver,org.springframework.security.oauth2.jwt.JwtDecoder; SearchStrategy: all) found beans of type 'org.springframework.security.authentication.AuthenticationManager' authenticationManager and found beans of type 'org.springframework.security.core.userdetails.UserDetailsService' usuarioService, userDetailsService and found beans of type 'org.springframework.security.authentication.AuthenticationProvider' authenticationProvider (OnBeanCondition)
      Matched:
         - @ConditionalOnClass found required class 'org.springframework.security.authentication.AuthenticationManager' (OnClassCondition)
         - AnyNestedCondition 1 matched 2 did not; NestedCondition on UserDetailsServiceAutoConfiguration.MissingAlternativeOrUserPropertiesConfigured.PasswordConfigured @ConditionalOnProperty (spring.security.user.password) did not find property 'password'; NestedCondition on UserDetailsServiceAutoConfiguration.MissingAlternativeOrUserPropertiesConfigured.NameConfigured @ConditionalOnProperty (spring.security.user.name) did not find property 'name'; NestedCondition on UserDetailsServiceAutoConfiguration.MissingAlternativeOrUserPropertiesConfigured.MissingAlternative @ConditionalOnMissingClass did not find unwanted classes 'org.springframework.security.oauth2.client.registration.ClientRegistrationRepository', 'org.springframework.security.oauth2.server.resource.introspection.OpaqueTokenIntrospector', 'org.springframework.security.saml2.provider.service.registration.RelyingPartyRegistrationRepository' (UserDetailsServiceAutoConfiguration.MissingAlternativeOrUserPropertiesConfigured)

   ValidationAutoConfiguration:
      Did not match:
         - @ConditionalOnResource did not find resource 'classpath:META-INF/services/jakarta.validation.spi.ValidationProvider' (OnResourceCondition)
      Matched:
         - @ConditionalOnClass found required class 'jakarta.validation.executable.ExecutableValidator' (OnClassCondition)

   WebFluxAutoConfiguration:
      Did not match:
         - not a reactive web application (OnWebApplicationCondition)
      Matched:
         - @ConditionalOnClass found required class 'org.springframework.web.reactive.config.WebFluxConfigurer' (OnClassCondition)

   WebMvcAutoConfiguration#hiddenHttpMethodFilter:
      Did not match:
         - @ConditionalOnProperty (spring.mvc.hiddenmethod.filter.enabled) did not find property 'enabled' (OnPropertyCondition)

   WebMvcAutoConfiguration.ProblemDetailsErrorHandlingConfiguration:
      Did not match:
         - @ConditionalOnProperty (spring.mvc.problemdetails.enabled=true) did not find property 'enabled' (OnPropertyCondition)

   WebMvcAutoConfiguration.ResourceChainCustomizerConfiguration:
      Did not match:
         - @ConditionalOnEnabledResourceChain did not find class org.webjars.WebJarAssetLocator (OnEnabledResourceChainCondition)

   WebMvcAutoConfiguration.WebMvcAutoConfigurationAdapter#beanNameViewResolver:
      Did not match:
         - @ConditionalOnMissingBean (types: org.springframework.web.servlet.view.BeanNameViewResolver; SearchStrategy: all) found beans of type 'org.springframework.web.servlet.view.BeanNameViewResolver' beanNameViewResolver (OnBeanCondition)

   WebServicesAutoConfiguration#wsdlDefinitionBeanFactoryPostProcessor:
      Did not match:
         - WSDL locations did not find property spring.webservices.wsdl-locations (OnWsdlLocationsCondition)

   WebSessionIdResolverAutoConfiguration:
      Did not match:
         - not a reactive web application (OnWebApplicationCondition)
      Matched:
         - @ConditionalOnClass found required classes 'org.springframework.web.server.session.WebSessionManager', 'reactor.core.publisher.Mono' (OnClassCondition)

   WebSocketMessagingAutoConfiguration:
      Did not match:
         - @ConditionalOnClass did not find required class 'org.springframework.web.socket.config.annotation.WebSocketMessageBrokerConfigurer' (OnClassCondition)

   WebSocketReactiveAutoConfiguration:
      Did not match:
         - not a reactive web application (OnWebApplicationCondition)
      Matched:
         - @ConditionalOnClass found required classes 'jakarta.servlet.Servlet', 'jakarta.websocket.server.ServerContainer' (OnClassCondition)

   WebSocketServletAutoConfiguration.JettyWebSocketConfiguration:
      Did not match:
         - @ConditionalOnClass did not find required class 'org.eclipse.jetty.ee10.websocket.jakarta.server.config.JakartaWebSocketServletContainerInitializer' (OnClassCondition)

   WebSocketServletAutoConfiguration.UndertowWebSocketConfiguration:
      Did not match:
         - @ConditionalOnClass did not find required class 'io.undertow.websockets.jsr.Bootstrap' (OnClassCondition)

   XADataSourceAutoConfiguration:
      Did not match:
         - @ConditionalOnClass did not find required class 'org.springframework.jdbc.datasource.embedded.EmbeddedDatabaseType' (OnClassCondition)


Exclusions:
-----------

    None


Unconditional classes:
----------------------

    org.springframework.boot.autoconfigure.context.ConfigurationPropertiesAutoConfiguration

    org.springframework.boot.autoconfigure.ssl.SslAutoConfiguration

    org.springframework.boot.autoconfigure.context.PropertyPlaceholderAutoConfiguration

    org.springframework.boot.autoconfigure.context.LifecycleAutoConfiguration

    org.springframework.boot.autoconfigure.availability.ApplicationAvailabilityAutoConfiguration

    org.springframework.boot.autoconfigure.info.ProjectInfoAutoConfiguration



2024-11-20T02:27:48.006-03:00  INFO 819038 --- [hydriomind] [           main] b.c.f.h.HydriomindApplicationTests       : Started HydriomindApplicationTests in 5.104 seconds (process running for 5.93)
2024-11-20T02:27:48.007-03:00 DEBUG 819038 --- [hydriomind] [           main] o.s.b.a.ApplicationAvailabilityBean      : Application availability state LivenessState changed to CORRECT
2024-11-20T02:27:48.010-03:00 DEBUG 819038 --- [hydriomind] [           main] o.s.boot.devtools.restart.Restarter      : Creating new Restarter for thread Thread[main,5,main]
2024-11-20T02:27:48.010-03:00 DEBUG 819038 --- [hydriomind] [           main] o.s.b.a.ApplicationAvailabilityBean      : Application availability state ReadinessState changed to ACCEPTING_TRAFFIC
2024-11-20T02:27:48.017-03:00 DEBUG 819038 --- [hydriomind] [           main] org.springframework.test.context.cache   : Spring test ApplicationContext cache statistics: [DefaultContextCache@706690e1 size = 1, maxSize = 32, parentContextCount = 0, hitCount = 0, missCount = 1, failureCount = 0]
2024-11-20T02:27:48.018-03:00 DEBUG 819038 --- [hydriomind] [           main] o.s.t.c.w.ServletTestExecutionListener   : Setting up MockHttpServletRequest, MockHttpServletResponse, ServletWebRequest, and RequestContextHolder for test class br.com.fiap.hydriomind.HydriomindApplicationTests
2024-11-20T02:27:48.040-03:00 DEBUG 819038 --- [hydriomind] [           main] DependencyInjectionTestExecutionListener : Performing dependency injection for test class br.com.fiap.hydriomind.HydriomindApplicationTests
2024-11-20T02:27:48.040-03:00 DEBUG 819038 --- [hydriomind] [           main] org.springframework.test.context.cache   : Spring test ApplicationContext cache statistics: [DefaultContextCache@706690e1 size = 1, maxSize = 32, parentContextCount = 0, hitCount = 1, missCount = 1, failureCount = 0]
2024-11-20T02:27:48.042-03:00 DEBUG 819038 --- [hydriomind] [           main] org.springframework.test.context.cache   : Spring test ApplicationContext cache statistics: [DefaultContextCache@706690e1 size = 1, maxSize = 32, parentContextCount = 0, hitCount = 2, missCount = 1, failureCount = 0]
2024-11-20T02:27:48.057-03:00 DEBUG 819038 --- [hydriomind] [           main] sContextBeforeModesTestExecutionListener : Before test method: class [HydriomindApplicationTests], method [contextLoads], class annotated with @DirtiesContext [false] with mode [null], method annotated with @DirtiesContext [false] with mode [null]
2024-11-20T02:27:48.062-03:00 DEBUG 819038 --- [hydriomind] [           main] org.springframework.test.context.cache   : Spring test ApplicationContext cache statistics: [DefaultContextCache@706690e1 size = 1, maxSize = 32, parentContextCount = 0, hitCount = 3, missCount = 1, failureCount = 0]
2024-11-20T02:27:48.063-03:00 DEBUG 819038 --- [hydriomind] [           main] org.springframework.test.context.cache   : Spring test ApplicationContext cache statistics: [DefaultContextCache@706690e1 size = 1, maxSize = 32, parentContextCount = 0, hitCount = 4, missCount = 1, failureCount = 0]
2024-11-20T02:27:49.034-03:00 DEBUG 819038 --- [hydriomind] [           main] org.springframework.test.context.cache   : Spring test ApplicationContext cache statistics: [DefaultContextCache@706690e1 size = 1, maxSize = 32, parentContextCount = 0, hitCount = 5, missCount = 1, failureCount = 0]
2024-11-20T02:27:49.037-03:00 DEBUG 819038 --- [hydriomind] [           main] org.springframework.test.context.cache   : Spring test ApplicationContext cache statistics: [DefaultContextCache@706690e1 size = 1, maxSize = 32, parentContextCount = 0, hitCount = 6, missCount = 1, failureCount = 0]
2024-11-20T02:27:49.043-03:00 DEBUG 819038 --- [hydriomind] [           main] org.springframework.test.context.cache   : Spring test ApplicationContext cache statistics: [DefaultContextCache@706690e1 size = 1, maxSize = 32, parentContextCount = 0, hitCount = 7, missCount = 1, failureCount = 0]
2024-11-20T02:27:49.044-03:00 DEBUG 819038 --- [hydriomind] [           main] org.springframework.test.context.cache   : Spring test ApplicationContext cache statistics: [DefaultContextCache@706690e1 size = 1, maxSize = 32, parentContextCount = 0, hitCount = 8, missCount = 1, failureCount = 0]
2024-11-20T02:27:49.044-03:00 DEBUG 819038 --- [hydriomind] [           main] org.springframework.test.context.cache   : Spring test ApplicationContext cache statistics: [DefaultContextCache@706690e1 size = 1, maxSize = 32, parentContextCount = 0, hitCount = 9, missCount = 1, failureCount = 0]
2024-11-20T02:27:49.044-03:00 DEBUG 819038 --- [hydriomind] [           main] org.springframework.test.context.cache   : Spring test ApplicationContext cache statistics: [DefaultContextCache@706690e1 size = 1, maxSize = 32, parentContextCount = 0, hitCount = 10, missCount = 1, failureCount = 0]
2024-11-20T02:27:49.045-03:00 DEBUG 819038 --- [hydriomind] [           main] org.springframework.test.context.cache   : Spring test ApplicationContext cache statistics: [DefaultContextCache@706690e1 size = 1, maxSize = 32, parentContextCount = 0, hitCount = 11, missCount = 1, failureCount = 0]
2024-11-20T02:27:49.045-03:00 DEBUG 819038 --- [hydriomind] [           main] org.springframework.test.context.cache   : Spring test ApplicationContext cache statistics: [DefaultContextCache@706690e1 size = 1, maxSize = 32, parentContextCount = 0, hitCount = 12, missCount = 1, failureCount = 0]
2024-11-20T02:27:49.047-03:00 DEBUG 819038 --- [hydriomind] [           main] org.springframework.test.context.cache   : Spring test ApplicationContext cache statistics: [DefaultContextCache@706690e1 size = 1, maxSize = 32, parentContextCount = 0, hitCount = 13, missCount = 1, failureCount = 0]
2024-11-20T02:27:49.047-03:00 DEBUG 819038 --- [hydriomind] [           main] .c.s.DirtiesContextTestExecutionListener : After test method: class [HydriomindApplicationTests], method [contextLoads], class annotated with @DirtiesContext [false] with mode [null], method annotated with @DirtiesContext [false] with mode [null]
2024-11-20T02:27:49.047-03:00 DEBUG 819038 --- [hydriomind] [           main] o.s.t.c.w.ServletTestExecutionListener   : Resetting RequestContextHolder for test class br.com.fiap.hydriomind.HydriomindApplicationTests
]]></system-out>
  </testcase>
</testsuite>